!SESSION 2018-01-24 12:01:07.873 -----------------------------------------------
eclipse.buildId=unknown
java.version=1.8.0_151
java.vendor=Oracle Corporation
BootLoader constants: OS=macosx, ARCH=x86_64, WS=cocoa, NL=fr_FR
Framework arguments:  -psn_0_4949176
Command-line arguments:  -os macosx -ws cocoa -arch x86_64 -psn_0_4949176

!ENTRY org.eclipse.update.configurator 4 0 2018-01-24 12:01:09.111
!MESSAGE Could not install bundle plugins/ch.qos.logback.classic_1.0.7.v20121108-1250.jar   A bundle is already installed with the name "ch.qos.logback.classic" and version "1.0.7.v20121108-1250"

!ENTRY org.eclipse.update.configurator 4 0 2018-01-24 12:01:09.118
!MESSAGE Could not install bundle plugins/ch.qos.logback.core_1.0.7.v20121108-1250.jar   A bundle is already installed with the name "ch.qos.logback.core" and version "1.0.7.v20121108-1250"

!ENTRY org.eclipse.update.configurator 4 0 2018-01-24 12:01:09.120
!MESSAGE Could not install bundle plugins/ch.qos.logback.slf4j_1.0.7.v201505121915.jar   A bundle is already installed with the name "ch.qos.logback.slf4j" and version "1.0.7.v201505121915"

!ENTRY org.eclipse.update.configurator 4 0 2018-01-24 12:01:09.123
!MESSAGE Could not install bundle plugins/com.google.gson_2.7.0.v20170129-0911.jar   A bundle is already installed with the name "com.google.gson" and version "2.7.0.v20170129-0911"

!ENTRY org.eclipse.update.configurator 4 0 2018-01-24 12:01:09.133
!MESSAGE Could not install bundle plugins/com.google.guava_15.0.0.v201403281430.jar   A bundle is already installed with the name "com.google.guava" and version "15.0.0.v201403281430"

!ENTRY org.eclipse.update.configurator 4 0 2018-01-24 12:01:09.136
!MESSAGE Could not install bundle plugins/com.google.inject_3.0.0.v201312141243.jar   A bundle is already installed with the name "com.google.inject" and version "3.0.0.v201312141243"

!ENTRY org.eclipse.update.configurator 4 0 2018-01-24 12:01:09.148
!MESSAGE Could not install bundle plugins/com.ibm.icu_58.2.0.v20170418-1837.jar   A bundle is already installed with the name "com.ibm.icu" and version "58.2.0.v20170418-1837"

!ENTRY org.eclipse.update.configurator 4 0 2018-01-24 12:01:09.149
!MESSAGE Could not install bundle plugins/com.jcraft.jsch_0.1.54.v20170116-1932.jar   A bundle is already installed with the name "com.jcraft.jsch" and version "0.1.54.v20170116-1932"

!ENTRY org.eclipse.update.configurator 4 0 2018-01-24 12:01:09.151
!MESSAGE Could not install bundle plugins/fr.idmteam1.idmproject.dronedsl.ide_1.0.0.201801121657.jar   A bundle is already installed with the name "fr.idmteam1.idmproject.dronedsl.ide" and version "1.0.0.201801121657"

!ENTRY org.eclipse.update.configurator 4 0 2018-01-24 12:01:09.152
!MESSAGE Could not install bundle plugins/fr.idmteam1.idmproject.dronedsl.product_1.0.0.201801121657.jar   A bundle is already installed with the name "fr.idmteam1.idmproject.dronedsl.product" and version "1.0.0.201801121657"

!ENTRY org.eclipse.update.configurator 4 0 2018-01-24 12:01:09.154
!MESSAGE Could not install bundle plugins/fr.idmteam1.idmproject.dronedsl.tests_1.0.0.201801121657.jar   A bundle is already installed with the name "fr.idmteam1.idmproject.dronedsl.tests" and version "1.0.0.201801121657"

!ENTRY org.eclipse.update.configurator 4 0 2018-01-24 12:01:09.156
!MESSAGE Could not install bundle plugins/fr.idmteam1.idmproject.dronedsl.ui.tests_1.0.0.201801121657.jar   A bundle is already installed with the name "fr.idmteam1.idmproject.dronedsl.ui.tests" and version "1.0.0.201801121657"

!ENTRY org.eclipse.update.configurator 4 0 2018-01-24 12:01:09.157
!MESSAGE Could not install bundle plugins/fr.idmteam1.idmproject.dronedsl.ui_1.0.0.201801121657.jar   A bundle is already installed with the name "fr.idmteam1.idmproject.dronedsl.ui" and version "1.0.0.201801121657"

!ENTRY org.eclipse.update.configurator 4 0 2018-01-24 12:01:09.159
!MESSAGE Could not install bundle plugins/fr.idmteam1.idmproject.dronedsl_1.0.0.201801121657.jar   A bundle is already installed with the name "fr.idmteam1.idmproject.dronedsl" and version "1.0.0.201801121657"

!ENTRY org.eclipse.update.configurator 4 0 2018-01-24 12:01:09.160
!MESSAGE Could not install bundle plugins/javax.annotation_1.2.0.v201602091430.jar   A bundle is already installed with the name "javax.annotation" and version "1.2.0.v201602091430"

!ENTRY org.eclipse.update.configurator 4 0 2018-01-24 12:01:09.161
!MESSAGE Could not install bundle plugins/javax.inject_1.0.0.v20091030.jar   A bundle is already installed with the name "javax.inject" and version "1.0.0.v20091030"

!ENTRY org.eclipse.update.configurator 4 0 2018-01-24 12:01:09.162
!MESSAGE Could not install bundle plugins/javax.servlet_3.1.0.v201410161800.jar   A bundle is already installed with the name "javax.servlet" and version "3.1.0.v201410161800"

!ENTRY org.eclipse.update.configurator 4 0 2018-01-24 12:01:09.164
!MESSAGE Could not install bundle plugins/javax.xml_1.3.4.v201005080400.jar   A bundle is already installed with the name "javax.xml" and version "1.3.4.v201005080400"

!ENTRY org.eclipse.update.configurator 4 0 2018-01-24 12:01:09.166
!MESSAGE Could not install bundle plugins/org.antlr.runtime_3.2.0.v201101311130.jar   A bundle is already installed with the name "org.antlr.runtime" and version "3.2.0.v201101311130"

!ENTRY org.eclipse.update.configurator 4 0 2018-01-24 12:01:09.172
!MESSAGE Could not install bundle plugins/org.apache.ant_1.10.1.v20170504-0840/   A bundle is already installed with the name "org.apache.ant" and version "1.10.1.v20170504-0840"

!ENTRY org.eclipse.update.configurator 4 0 2018-01-24 12:01:09.174
!MESSAGE Could not install bundle plugins/org.apache.batik.css_1.8.0.v20170214-1941.jar   A bundle is already installed with the name "org.apache.batik.css" and version "1.8.0.v20170214-1941"

!ENTRY org.eclipse.update.configurator 4 0 2018-01-24 12:01:09.176
!MESSAGE Could not install bundle plugins/org.apache.batik.util_1.8.0.v20170214-1941.jar   A bundle is already installed with the name "org.apache.batik.util" and version "1.8.0.v20170214-1941"

!ENTRY org.eclipse.update.configurator 4 0 2018-01-24 12:01:09.178
!MESSAGE Could not install bundle plugins/org.apache.commons.cli_1.2.0.v201404270220.jar   A bundle is already installed with the name "org.apache.commons.cli" and version "1.2.0.v201404270220"

!ENTRY org.eclipse.update.configurator 4 0 2018-01-24 12:01:09.179
!MESSAGE Could not install bundle plugins/org.apache.commons.jxpath_1.3.0.v200911051830.jar   A bundle is already installed with the name "org.apache.commons.jxpath" and version "1.3.0.v200911051830"

!ENTRY org.eclipse.update.configurator 4 0 2018-01-24 12:01:09.181
!MESSAGE Could not install bundle plugins/org.apache.commons.lang_2.6.0.v201404270220.jar   A bundle is already installed with the name "org.apache.commons.lang" and version "2.6.0.v201404270220"

!ENTRY org.eclipse.update.configurator 4 0 2018-01-24 12:01:09.183
!MESSAGE Could not install bundle plugins/org.apache.commons.logging_1.1.1.v201101211721.jar   A bundle is already installed with the name "org.apache.commons.logging" and version "1.1.1.v201101211721"

!ENTRY org.eclipse.update.configurator 4 0 2018-01-24 12:01:09.184
!MESSAGE Could not install bundle plugins/org.apache.felix.gogo.command_0.10.0.v201209301215.jar   A bundle is already installed with the name "org.apache.felix.gogo.command" and version "0.10.0.v201209301215"

!ENTRY org.eclipse.update.configurator 4 0 2018-01-24 12:01:09.186
!MESSAGE Could not install bundle plugins/org.apache.felix.gogo.runtime_0.10.0.v201209301036.jar   A bundle is already installed with the name "org.apache.felix.gogo.runtime" and version "0.10.0.v201209301036"

!ENTRY org.eclipse.update.configurator 4 0 2018-01-24 12:01:09.188
!MESSAGE Could not install bundle plugins/org.apache.felix.scr_2.0.10.v20170501-2007.jar   A bundle is already installed with the name "org.apache.felix.scr" and version "2.0.10.v20170501-2007"

!ENTRY org.eclipse.update.configurator 4 0 2018-01-24 12:01:09.190
!MESSAGE Could not install bundle plugins/org.apache.log4j_1.2.15.v201012070815.jar   A bundle is already installed with the name "org.apache.log4j" and version "1.2.15.v201012070815"

!ENTRY org.eclipse.update.configurator 4 0 2018-01-24 12:01:09.194
!MESSAGE Could not install bundle plugins/org.apache.lucene.analyzers-common_6.1.0.v20161115-1612.jar   A bundle is already installed with the name "org.apache.lucene.analyzers-common" and version "6.1.0.v20161115-1612"

!ENTRY org.eclipse.update.configurator 4 0 2018-01-24 12:01:09.196
!MESSAGE Could not install bundle plugins/org.apache.lucene.analyzers-smartcn_6.1.0.v20161115-1612.jar   A bundle is already installed with the name "org.apache.lucene.analyzers-smartcn" and version "6.1.0.v20161115-1612"

!ENTRY org.eclipse.update.configurator 4 0 2018-01-24 12:01:09.198
!MESSAGE Could not install bundle plugins/org.apache.lucene.core_6.1.0.v20170814-1820.jar   A bundle is already installed with the name "org.apache.lucene.core" and version "6.1.0.v20170814-1820"

!ENTRY org.eclipse.update.configurator 4 0 2018-01-24 12:01:09.200
!MESSAGE Could not install bundle plugins/org.apache.lucene.misc_6.1.0.v20161115-1612.jar   A bundle is already installed with the name "org.apache.lucene.misc" and version "6.1.0.v20161115-1612"

!ENTRY org.eclipse.update.configurator 4 0 2018-01-24 12:01:09.204
!MESSAGE Could not install bundle plugins/org.apache.xerces_2.9.0.v201101211617.jar   A bundle is already installed with the name "org.apache.xerces" and version "2.9.0.v201101211617"

!ENTRY org.eclipse.update.configurator 4 0 2018-01-24 12:01:09.205
!MESSAGE Could not install bundle plugins/org.apache.xml.resolver_1.2.0.v201005080400.jar   A bundle is already installed with the name "org.apache.xml.resolver" and version "1.2.0.v201005080400"

!ENTRY org.eclipse.update.configurator 4 0 2018-01-24 12:01:09.207
!MESSAGE Could not install bundle plugins/org.apache.xml.serializer_2.7.1.v201005080400.jar   A bundle is already installed with the name "org.apache.xml.serializer" and version "2.7.1.v201005080400"

!ENTRY org.eclipse.update.configurator 4 0 2018-01-24 12:01:09.209
!MESSAGE Could not install bundle plugins/org.eclipse.ant.core_3.5.0.v20170509-2149.jar   A bundle is already installed with the name "org.eclipse.ant.core" and version "3.5.0.v20170509-2149"

!ENTRY org.eclipse.update.configurator 4 0 2018-01-24 12:01:09.210
!MESSAGE Could not install bundle plugins/org.eclipse.ant.launching_1.2.1.v20171108-0853.jar   A bundle is already installed with the name "org.eclipse.ant.launching" and version "1.2.1.v20171108-0853"

!ENTRY org.eclipse.update.configurator 4 0 2018-01-24 12:01:09.214
!MESSAGE Could not install bundle plugins/org.eclipse.ant.ui_3.7.0.v20170412-1054.jar   A bundle is already installed with the name "org.eclipse.ant.ui" and version "3.7.0.v20170412-1054"

!ENTRY org.eclipse.update.configurator 4 0 2018-01-24 12:01:09.215
!MESSAGE Could not install bundle plugins/org.eclipse.compare.core_3.6.100.v20170516-0820.jar   A bundle is already installed with the name "org.eclipse.compare.core" and version "3.6.100.v20170516-0820"

!ENTRY org.eclipse.update.configurator 4 0 2018-01-24 12:01:09.220
!MESSAGE Could not install bundle plugins/org.eclipse.compare_3.7.101.v20170724-1603.jar   A bundle is already installed with the name "org.eclipse.compare" and version "3.7.101.v20170724-1603"

!ENTRY org.eclipse.update.configurator 4 0 2018-01-24 12:01:09.222
!MESSAGE Could not install bundle plugins/org.eclipse.core.commands_3.9.0.v20170530-1048.jar   A bundle is already installed with the name "org.eclipse.core.commands" and version "3.9.0.v20170530-1048"

!ENTRY org.eclipse.update.configurator 4 0 2018-01-24 12:01:09.223
!MESSAGE Could not install bundle plugins/org.eclipse.core.contenttype_3.6.0.v20170207-1037.jar   A bundle is already installed with the name "org.eclipse.core.contenttype" and version "3.6.0.v20170207-1037"

!ENTRY org.eclipse.update.configurator 4 0 2018-01-24 12:01:09.225
!MESSAGE Could not install bundle plugins/org.eclipse.core.databinding.observable_1.6.100.v20170515-1119.jar   A bundle is already installed with the name "org.eclipse.core.databinding.observable" and version "1.6.100.v20170515-1119"

!ENTRY org.eclipse.update.configurator 4 0 2018-01-24 12:01:09.226
!MESSAGE Could not install bundle plugins/org.eclipse.core.databinding.property_1.6.100.v20170515-1119.jar   A bundle is already installed with the name "org.eclipse.core.databinding.property" and version "1.6.100.v20170515-1119"

!ENTRY org.eclipse.update.configurator 4 0 2018-01-24 12:01:09.228
!MESSAGE Could not install bundle plugins/org.eclipse.core.databinding_1.6.100.v20170515-1119.jar   A bundle is already installed with the name "org.eclipse.core.databinding" and version "1.6.100.v20170515-1119"

!ENTRY org.eclipse.update.configurator 4 0 2018-01-24 12:01:09.230
!MESSAGE Could not install bundle plugins/org.eclipse.core.expressions_3.6.0.v20170207-1037.jar   A bundle is already installed with the name "org.eclipse.core.expressions" and version "3.6.0.v20170207-1037"

!ENTRY org.eclipse.update.configurator 4 0 2018-01-24 12:01:09.232
!MESSAGE Could not install bundle plugins/org.eclipse.core.externaltools_1.1.0.v20170113-2056.jar   A bundle is already installed with the name "org.eclipse.core.externaltools" and version "1.1.0.v20170113-2056"

!ENTRY org.eclipse.update.configurator 4 0 2018-01-24 12:01:09.234
!MESSAGE Could not install bundle plugins/org.eclipse.core.filebuffers_3.6.100.v20170203-1130.jar   A bundle is already installed with the name "org.eclipse.core.filebuffers" and version "3.6.100.v20170203-1130"

!ENTRY org.eclipse.update.configurator 4 0 2018-01-24 12:01:09.235
!MESSAGE Could not install bundle plugins/org.eclipse.core.filesystem_1.7.0.v20170406-1337.jar   A bundle is already installed with the name "org.eclipse.core.filesystem" and version "1.7.0.v20170406-1337"

!ENTRY org.eclipse.update.configurator 4 0 2018-01-24 12:01:09.237
!MESSAGE Could not install bundle plugins/org.eclipse.core.jobs_3.9.2.v20171030-1027.jar   A bundle is already installed with the name "org.eclipse.core.jobs" and version "3.9.2.v20171030-1027"

!ENTRY org.eclipse.update.configurator 4 0 2018-01-24 12:01:09.239
!MESSAGE Could not install bundle plugins/org.eclipse.core.net_1.3.100.v20170516-0820.jar   A bundle is already installed with the name "org.eclipse.core.net" and version "1.3.100.v20170516-0820"

!ENTRY org.eclipse.update.configurator 4 0 2018-01-24 12:01:09.241
!MESSAGE Could not install bundle plugins/org.eclipse.core.resources_3.12.0.v20170417-1558.jar   A bundle is already installed with the name "org.eclipse.core.resources" and version "3.12.0.v20170417-1558"

!ENTRY org.eclipse.update.configurator 4 0 2018-01-24 12:01:09.243
!MESSAGE Could not install bundle plugins/org.eclipse.core.runtime_3.13.0.v20170207-1030.jar   A bundle is already installed with the name "org.eclipse.core.runtime" and version "3.13.0.v20170207-1030"

!ENTRY org.eclipse.update.configurator 4 0 2018-01-24 12:01:09.245
!MESSAGE Could not install bundle plugins/org.eclipse.core.variables_3.4.0.v20170113-2056.jar   A bundle is already installed with the name "org.eclipse.core.variables" and version "3.4.0.v20170113-2056"

!ENTRY org.eclipse.update.configurator 4 0 2018-01-24 12:01:09.247
!MESSAGE Could not install bundle plugins/org.eclipse.debug.core_3.11.0.v20170605-1534.jar   A bundle is already installed with the name "org.eclipse.debug.core" and version "3.11.0.v20170605-1534"

!ENTRY org.eclipse.update.configurator 4 0 2018-01-24 12:01:09.254
!MESSAGE Could not install bundle plugins/org.eclipse.debug.ui_3.12.50.v20170920-1329.jar   A bundle is already installed with the name "org.eclipse.debug.ui" and version "3.12.50.v20170920-1329"

!ENTRY org.eclipse.update.configurator 4 0 2018-01-24 12:01:09.256
!MESSAGE Could not install bundle plugins/org.eclipse.e4.core.commands_0.12.100.v20170513-0428.jar   A bundle is already installed with the name "org.eclipse.e4.core.commands" and version "0.12.100.v20170513-0428"

!ENTRY org.eclipse.update.configurator 4 0 2018-01-24 12:01:09.257
!MESSAGE Could not install bundle plugins/org.eclipse.e4.core.contexts_1.6.0.v20170322-1144.jar   A bundle is already installed with the name "org.eclipse.e4.core.contexts" and version "1.6.0.v20170322-1144"

!ENTRY org.eclipse.update.configurator 4 0 2018-01-24 12:01:09.258
!MESSAGE Could not install bundle plugins/org.eclipse.e4.core.di.annotations_1.6.0.v20170119-2002.jar   A bundle is already installed with the name "org.eclipse.e4.core.di.annotations" and version "1.6.0.v20170119-2002"

!ENTRY org.eclipse.update.configurator 4 0 2018-01-24 12:01:09.260
!MESSAGE Could not install bundle plugins/org.eclipse.e4.core.di.extensions.supplier_0.15.0.v20170407-0928.jar   A bundle is already installed with the name "org.eclipse.e4.core.di.extensions.supplier" and version "0.15.0.v20170407-0928"

!ENTRY org.eclipse.update.configurator 4 0 2018-01-24 12:01:09.262
!MESSAGE Could not install bundle plugins/org.eclipse.e4.core.di.extensions_0.15.0.v20170228-1728.jar   A bundle is already installed with the name "org.eclipse.e4.core.di.extensions" and version "0.15.0.v20170228-1728"

!ENTRY org.eclipse.update.configurator 4 0 2018-01-24 12:01:09.264
!MESSAGE Could not install bundle plugins/org.eclipse.e4.core.di_1.6.100.v20170421-1418.jar   A bundle is already installed with the name "org.eclipse.e4.core.di" and version "1.6.100.v20170421-1418"

!ENTRY org.eclipse.update.configurator 4 0 2018-01-24 12:01:09.266
!MESSAGE Could not install bundle plugins/org.eclipse.e4.core.services_2.1.0.v20170407-0928.jar   A bundle is already installed with the name "org.eclipse.e4.core.services" and version "2.1.0.v20170407-0928"

!ENTRY org.eclipse.update.configurator 4 0 2018-01-24 12:01:09.267
!MESSAGE Could not install bundle plugins/org.eclipse.e4.emf.xpath_0.2.0.v20160630-0728.jar   A bundle is already installed with the name "org.eclipse.e4.emf.xpath" and version "0.2.0.v20160630-0728"

!ENTRY org.eclipse.update.configurator 4 0 2018-01-24 12:01:09.268
!MESSAGE Could not install bundle plugins/org.eclipse.e4.ui.bindings_0.12.1.v20170823-1632.jar   A bundle is already installed with the name "org.eclipse.e4.ui.bindings" and version "0.12.1.v20170823-1632"

!ENTRY org.eclipse.update.configurator 4 0 2018-01-24 12:01:09.270
!MESSAGE Could not install bundle plugins/org.eclipse.e4.ui.css.core_0.12.101.v20170712-1547.jar   A bundle is already installed with the name "org.eclipse.e4.ui.css.core" and version "0.12.101.v20170712-1547"

!ENTRY org.eclipse.update.configurator 4 0 2018-01-24 12:01:09.272
!MESSAGE Could not install bundle plugins/org.eclipse.e4.ui.css.swt.theme_0.11.0.v20170312-2302.jar   A bundle is already installed with the name "org.eclipse.e4.ui.css.swt.theme" and version "0.11.0.v20170312-2302"

!ENTRY org.eclipse.update.configurator 4 0 2018-01-24 12:01:09.274
!MESSAGE Could not install bundle plugins/org.eclipse.e4.ui.css.swt_0.13.1.v20170808-1940.jar   A bundle is already installed with the name "org.eclipse.e4.ui.css.swt" and version "0.13.1.v20170808-1940"

!ENTRY org.eclipse.update.configurator 4 0 2018-01-24 12:01:09.275
!MESSAGE Could not install bundle plugins/org.eclipse.e4.ui.di_1.2.100.v20170414-1137.jar   A bundle is already installed with the name "org.eclipse.e4.ui.di" and version "1.2.100.v20170414-1137"

!ENTRY org.eclipse.update.configurator 4 0 2018-01-24 12:01:09.278
!MESSAGE Could not install bundle plugins/org.eclipse.e4.ui.model.workbench_2.0.1.v20170713-1800.jar   A bundle is already installed with the name "org.eclipse.e4.ui.model.workbench" and version "2.0.1.v20170713-1800"

!ENTRY org.eclipse.update.configurator 4 0 2018-01-24 12:01:09.280
!MESSAGE Could not install bundle plugins/org.eclipse.e4.ui.services_1.3.0.v20170307-2032.jar   A bundle is already installed with the name "org.eclipse.e4.ui.services" and version "1.3.0.v20170307-2032"

!ENTRY org.eclipse.update.configurator 4 0 2018-01-24 12:01:09.281
!MESSAGE Could not install bundle plugins/org.eclipse.e4.ui.widgets_1.2.0.v20160630-0736.jar   A bundle is already installed with the name "org.eclipse.e4.ui.widgets" and version "1.2.0.v20160630-0736"

!ENTRY org.eclipse.update.configurator 4 0 2018-01-24 12:01:09.283
!MESSAGE Could not install bundle plugins/org.eclipse.e4.ui.workbench.addons.swt_1.3.1.v20170319-1442.jar   A bundle is already installed with the name "org.eclipse.e4.ui.workbench.addons.swt" and version "1.3.1.v20170319-1442"

!ENTRY org.eclipse.update.configurator 4 0 2018-01-24 12:01:09.285
!MESSAGE Could not install bundle plugins/org.eclipse.e4.ui.workbench.renderers.swt_0.14.101.v20170713-1343.jar   A bundle is already installed with the name "org.eclipse.e4.ui.workbench.renderers.swt" and version "0.14.101.v20170713-1343"

!ENTRY org.eclipse.update.configurator 4 0 2018-01-24 12:01:09.288
!MESSAGE Could not install bundle plugins/org.eclipse.e4.ui.workbench.swt_0.14.101.v20170710-1119.jar   A bundle is already installed with the name "org.eclipse.e4.ui.workbench.swt" and version "0.14.101.v20170710-1119"

!ENTRY org.eclipse.update.configurator 4 0 2018-01-24 12:01:09.289
!MESSAGE Could not install bundle plugins/org.eclipse.e4.ui.workbench3_0.14.0.v20160630-0740.jar   A bundle is already installed with the name "org.eclipse.e4.ui.workbench3" and version "0.14.0.v20160630-0740"

!ENTRY org.eclipse.update.configurator 4 0 2018-01-24 12:01:09.291
!MESSAGE Could not install bundle plugins/org.eclipse.e4.ui.workbench_1.5.1.v20170815-1446.jar   A bundle is already installed with the name "org.eclipse.e4.ui.workbench" and version "1.5.1.v20170815-1446"

!ENTRY org.eclipse.update.configurator 4 0 2018-01-24 12:01:09.293
!MESSAGE Could not install bundle plugins/org.eclipse.emf.codegen.ecore_2.13.0.v20170609-0928.jar   A bundle is already installed with the name "org.eclipse.emf.codegen.ecore" and version "2.13.0.v20170609-0928"

!ENTRY org.eclipse.update.configurator 4 0 2018-01-24 12:01:09.295
!MESSAGE Could not install bundle plugins/org.eclipse.emf.codegen_2.12.0.v20170609-0928.jar   A bundle is already installed with the name "org.eclipse.emf.codegen" and version "2.12.0.v20170609-0928"

!ENTRY org.eclipse.update.configurator 4 0 2018-01-24 12:01:09.297
!MESSAGE Could not install bundle plugins/org.eclipse.emf.common.ui_2.12.0.v20170609-0928.jar   A bundle is already installed with the name "org.eclipse.emf.common.ui" and version "2.12.0.v20170609-0928"

!ENTRY org.eclipse.update.configurator 4 0 2018-01-24 12:01:09.298
!MESSAGE Could not install bundle plugins/org.eclipse.emf.common_2.13.0.v20170609-0707.jar   A bundle is already installed with the name "org.eclipse.emf.common" and version "2.13.0.v20170609-0707"

!ENTRY org.eclipse.update.configurator 4 0 2018-01-24 12:01:09.300
!MESSAGE Could not install bundle plugins/org.eclipse.emf.ecore.change_2.11.0.v20170609-0707.jar   A bundle is already installed with the name "org.eclipse.emf.ecore.change" and version "2.11.0.v20170609-0707"

!ENTRY org.eclipse.update.configurator 4 0 2018-01-24 12:01:09.302
!MESSAGE Could not install bundle plugins/org.eclipse.emf.ecore.edit_2.9.0.v20170609-0928.jar   A bundle is already installed with the name "org.eclipse.emf.ecore.edit" and version "2.9.0.v20170609-0928"

!ENTRY org.eclipse.update.configurator 4 0 2018-01-24 12:01:09.303
!MESSAGE Could not install bundle plugins/org.eclipse.emf.ecore.editor_2.13.0.v20170609-0928.jar   A bundle is already installed with the name "org.eclipse.emf.ecore.editor" and version "2.13.0.v20170609-0928"

!ENTRY org.eclipse.update.configurator 4 0 2018-01-24 12:01:09.305
!MESSAGE Could not install bundle plugins/org.eclipse.emf.ecore.xmi_2.13.0.v20170609-0707.jar   A bundle is already installed with the name "org.eclipse.emf.ecore.xmi" and version "2.13.0.v20170609-0707"

!ENTRY org.eclipse.update.configurator 4 0 2018-01-24 12:01:09.308
!MESSAGE Could not install bundle plugins/org.eclipse.emf.ecore_2.13.0.v20170609-0707.jar   A bundle is already installed with the name "org.eclipse.emf.ecore" and version "2.13.0.v20170609-0707"

!ENTRY org.eclipse.update.configurator 4 0 2018-01-24 12:01:09.310
!MESSAGE Could not install bundle plugins/org.eclipse.emf.edit.ui_2.13.0.v20170609-0928.jar   A bundle is already installed with the name "org.eclipse.emf.edit.ui" and version "2.13.0.v20170609-0928"

!ENTRY org.eclipse.update.configurator 4 0 2018-01-24 12:01:09.312
!MESSAGE Could not install bundle plugins/org.eclipse.emf.edit_2.12.0.v20170609-0928.jar   A bundle is already installed with the name "org.eclipse.emf.edit" and version "2.12.0.v20170609-0928"

!ENTRY org.eclipse.update.configurator 4 0 2018-01-24 12:01:09.314
!MESSAGE Could not install bundle plugins/org.eclipse.emf.mwe.core_1.3.21.201705291011.jar   A bundle is already installed with the name "org.eclipse.emf.mwe.core" and version "1.3.21.201705291011"

!ENTRY org.eclipse.update.configurator 4 0 2018-01-24 12:01:09.315
!MESSAGE Could not install bundle plugins/org.eclipse.emf.mwe.utils_1.3.21.201705291011.jar   A bundle is already installed with the name "org.eclipse.emf.mwe.utils" and version "1.3.21.201705291011"

!ENTRY org.eclipse.update.configurator 4 0 2018-01-24 12:01:09.317
!MESSAGE Could not install bundle plugins/org.eclipse.emf.mwe2.language_2.9.1.201705291011.jar   A bundle is already installed with the name "org.eclipse.emf.mwe2.language" and version "2.9.1.201705291011"

!ENTRY org.eclipse.update.configurator 4 0 2018-01-24 12:01:09.318
!MESSAGE Could not install bundle plugins/org.eclipse.emf.mwe2.launch_2.9.1.201705291011.jar   A bundle is already installed with the name "org.eclipse.emf.mwe2.launch" and version "2.9.1.201705291011"

!ENTRY org.eclipse.update.configurator 4 0 2018-01-24 12:01:09.319
!MESSAGE Could not install bundle plugins/org.eclipse.emf.mwe2.lib_2.9.1.201705291011.jar   A bundle is already installed with the name "org.eclipse.emf.mwe2.lib" and version "2.9.1.201705291011"

!ENTRY org.eclipse.update.configurator 4 0 2018-01-24 12:01:09.321
!MESSAGE Could not install bundle plugins/org.eclipse.emf.mwe2.runtime_2.9.1.201705291011.jar   A bundle is already installed with the name "org.eclipse.emf.mwe2.runtime" and version "2.9.1.201705291011"

!ENTRY org.eclipse.update.configurator 4 0 2018-01-24 12:01:09.322
!MESSAGE Could not install bundle plugins/org.eclipse.equinox.app_1.3.400.v20150715-1528.jar   A bundle is already installed with the name "org.eclipse.equinox.app" and version "1.3.400.v20150715-1528"

!ENTRY org.eclipse.update.configurator 4 0 2018-01-24 12:01:09.337
!MESSAGE Could not install bundle plugins/org.eclipse.equinox.bidi_1.1.0.v20160728-1031.jar   A bundle is already installed with the name "org.eclipse.equinox.bidi" and version "1.1.0.v20160728-1031"

!ENTRY org.eclipse.update.configurator 4 0 2018-01-24 12:01:09.339
!MESSAGE Could not install bundle plugins/org.eclipse.equinox.common_3.9.0.v20170207-1454.jar   A bundle is already installed with the name "org.eclipse.equinox.common" and version "3.9.0.v20170207-1454"

!ENTRY org.eclipse.update.configurator 4 0 2018-01-24 12:01:09.340
!MESSAGE Could not install bundle plugins/org.eclipse.equinox.ds_1.5.0.v20170307-1429.jar   A bundle is already installed with the name "org.eclipse.equinox.ds" and version "1.5.0.v20170307-1429"

!ENTRY org.eclipse.update.configurator 4 0 2018-01-24 12:01:09.342
!MESSAGE Could not install bundle plugins/org.eclipse.equinox.event_1.4.0.v20170105-1446.jar   A bundle is already installed with the name "org.eclipse.equinox.event" and version "1.4.0.v20170105-1446"

!ENTRY org.eclipse.update.configurator 4 0 2018-01-24 12:01:09.343
!MESSAGE Could not install bundle plugins/org.eclipse.equinox.frameworkadmin.equinox_1.0.800.v20170524-1345.jar   A bundle is already installed with the name "org.eclipse.equinox.frameworkadmin.equinox" and version "1.0.800.v20170524-1345"

!ENTRY org.eclipse.update.configurator 4 0 2018-01-24 12:01:09.345
!MESSAGE Could not install bundle plugins/org.eclipse.equinox.frameworkadmin_2.0.300.v20160504-1450.jar   A bundle is already installed with the name "org.eclipse.equinox.frameworkadmin" and version "2.0.300.v20160504-1450"

!ENTRY org.eclipse.update.configurator 4 0 2018-01-24 12:01:09.346
!MESSAGE Could not install bundle plugins/org.eclipse.equinox.http.jetty_3.4.0.v20170503-2025.jar   A bundle is already installed with the name "org.eclipse.equinox.http.jetty" and version "3.4.0.v20170503-2025"

!ENTRY org.eclipse.update.configurator 4 0 2018-01-24 12:01:09.348
!MESSAGE Could not install bundle plugins/org.eclipse.equinox.http.servlet_1.4.0.v20170524-1452.jar   A bundle is already installed with the name "org.eclipse.equinox.http.servlet" and version "1.4.0.v20170524-1452"

!ENTRY org.eclipse.update.configurator 4 0 2018-01-24 12:01:09.361
!MESSAGE Could not install bundle plugins/org.eclipse.equinox.p2.artifact.repository_1.1.650.v20170928-1405.jar   A bundle is already installed with the name "org.eclipse.equinox.p2.artifact.repository" and version "1.1.650.v20170928-1405"

!ENTRY org.eclipse.update.configurator 4 0 2018-01-24 12:01:09.363
!MESSAGE Could not install bundle plugins/org.eclipse.equinox.p2.core_2.4.101.v20170906-1259.jar   A bundle is already installed with the name "org.eclipse.equinox.p2.core" and version "2.4.101.v20170906-1259"

!ENTRY org.eclipse.update.configurator 4 0 2018-01-24 12:01:09.365
!MESSAGE Could not install bundle plugins/org.eclipse.equinox.p2.director.app_1.0.500.v20160419-0834.jar   A bundle is already installed with the name "org.eclipse.equinox.p2.director.app" and version "1.0.500.v20160419-0834"

!ENTRY org.eclipse.update.configurator 4 0 2018-01-24 12:01:09.367
!MESSAGE Could not install bundle plugins/org.eclipse.equinox.p2.director_2.3.300.v20160504-1450.jar   A bundle is already installed with the name "org.eclipse.equinox.p2.director" and version "2.3.300.v20160504-1450"

!ENTRY org.eclipse.update.configurator 4 0 2018-01-24 12:01:09.369
!MESSAGE Could not install bundle plugins/org.eclipse.equinox.p2.engine_2.5.0.v20170319-2002.jar   A bundle is already installed with the name "org.eclipse.equinox.p2.engine" and version "2.5.0.v20170319-2002"

!ENTRY org.eclipse.update.configurator 4 0 2018-01-24 12:01:09.371
!MESSAGE Could not install bundle plugins/org.eclipse.equinox.p2.garbagecollector_1.0.300.v20160504-1450.jar   A bundle is already installed with the name "org.eclipse.equinox.p2.garbagecollector" and version "1.0.300.v20160504-1450"

!ENTRY org.eclipse.update.configurator 4 0 2018-01-24 12:01:09.373
!MESSAGE Could not install bundle plugins/org.eclipse.equinox.p2.jarprocessor_1.0.500.v20160504-1450.jar   A bundle is already installed with the name "org.eclipse.equinox.p2.jarprocessor" and version "1.0.500.v20160504-1450"

!ENTRY org.eclipse.update.configurator 4 0 2018-01-24 12:01:09.375
!MESSAGE Could not install bundle plugins/org.eclipse.equinox.p2.metadata.repository_1.2.401.v20170906-1259.jar   A bundle is already installed with the name "org.eclipse.equinox.p2.metadata.repository" and version "1.2.401.v20170906-1259"

!ENTRY org.eclipse.update.configurator 4 0 2018-01-24 12:01:09.377
!MESSAGE Could not install bundle plugins/org.eclipse.equinox.p2.metadata_2.3.200.v20170511-1106.jar   A bundle is already installed with the name "org.eclipse.equinox.p2.metadata" and version "2.3.200.v20170511-1106"

!ENTRY org.eclipse.update.configurator 4 0 2018-01-24 12:01:09.379
!MESSAGE Could not install bundle plugins/org.eclipse.equinox.p2.operations_2.4.300.v20170511-1106.jar   A bundle is already installed with the name "org.eclipse.equinox.p2.operations" and version "2.4.300.v20170511-1106"

!ENTRY org.eclipse.update.configurator 4 0 2018-01-24 12:01:09.381
!MESSAGE Could not install bundle plugins/org.eclipse.equinox.p2.publisher.eclipse_1.2.201.v20170906-1259.jar   A bundle is already installed with the name "org.eclipse.equinox.p2.publisher.eclipse" and version "1.2.201.v20170906-1259"

!ENTRY org.eclipse.update.configurator 4 0 2018-01-24 12:01:09.383
!MESSAGE Could not install bundle plugins/org.eclipse.equinox.p2.publisher_1.4.200.v20170511-1216.jar   A bundle is already installed with the name "org.eclipse.equinox.p2.publisher" and version "1.4.200.v20170511-1216"

!ENTRY org.eclipse.update.configurator 4 0 2018-01-24 12:01:09.385
!MESSAGE Could not install bundle plugins/org.eclipse.equinox.p2.repository.tools_2.1.400.v20170511-1216.jar   A bundle is already installed with the name "org.eclipse.equinox.p2.repository.tools" and version "2.1.400.v20170511-1216"

!ENTRY org.eclipse.update.configurator 4 0 2018-01-24 12:01:09.387
!MESSAGE Could not install bundle plugins/org.eclipse.equinox.p2.repository_2.3.301.v20170906-1259.jar   A bundle is already installed with the name "org.eclipse.equinox.p2.repository" and version "2.3.301.v20170906-1259"

!ENTRY org.eclipse.update.configurator 4 0 2018-01-24 12:01:09.389
!MESSAGE Could not install bundle plugins/org.eclipse.equinox.p2.touchpoint.eclipse_2.1.501.v20170906-1259.jar   A bundle is already installed with the name "org.eclipse.equinox.p2.touchpoint.eclipse" and version "2.1.501.v20170906-1259"

!ENTRY org.eclipse.update.configurator 4 0 2018-01-24 12:01:09.392
!MESSAGE Could not install bundle plugins/org.eclipse.equinox.p2.ui_2.5.2.v20171013-1525.jar   A bundle is already installed with the name "org.eclipse.equinox.p2.ui" and version "2.5.2.v20171013-1525"

!ENTRY org.eclipse.update.configurator 4 0 2018-01-24 12:01:09.394
!MESSAGE Could not install bundle plugins/org.eclipse.equinox.p2.updatesite_1.0.601.v20170906-1259.jar   A bundle is already installed with the name "org.eclipse.equinox.p2.updatesite" and version "1.0.601.v20170906-1259"

!ENTRY org.eclipse.update.configurator 4 0 2018-01-24 12:01:09.396
!MESSAGE Could not install bundle plugins/org.eclipse.equinox.preferences_3.7.0.v20170126-2132.jar   A bundle is already installed with the name "org.eclipse.equinox.preferences" and version "3.7.0.v20170126-2132"

!ENTRY org.eclipse.update.configurator 4 0 2018-01-24 12:01:09.401
!MESSAGE Could not install bundle plugins/org.eclipse.equinox.region_1.4.0.v20170117-1425.jar   A bundle is already installed with the name "org.eclipse.equinox.region" and version "1.4.0.v20170117-1425"

!ENTRY org.eclipse.update.configurator 4 0 2018-01-24 12:01:09.404
!MESSAGE Could not install bundle plugins/org.eclipse.equinox.registry_3.7.0.v20170222-1344.jar   A bundle is already installed with the name "org.eclipse.equinox.registry" and version "3.7.0.v20170222-1344"

!ENTRY org.eclipse.update.configurator 4 0 2018-01-24 12:01:09.411
!MESSAGE Could not install bundle plugins/org.eclipse.equinox.security.ui_1.1.400.v20170505-1235.jar   A bundle is already installed with the name "org.eclipse.equinox.security.ui" and version "1.1.400.v20170505-1235"

!ENTRY org.eclipse.update.configurator 4 0 2018-01-24 12:01:09.414
!MESSAGE Could not install bundle plugins/org.eclipse.equinox.security_1.2.300.v20170505-1235.jar   A bundle is already installed with the name "org.eclipse.equinox.security" and version "1.2.300.v20170505-1235"

!ENTRY org.eclipse.update.configurator 4 0 2018-01-24 12:01:09.418
!MESSAGE Could not install bundle plugins/org.eclipse.equinox.transforms.hook_1.2.0.v20170105-1446.jar   A bundle is already installed with the name "org.eclipse.equinox.transforms.hook" and version "1.2.0.v20170105-1446"

!ENTRY org.eclipse.update.configurator 4 0 2018-01-24 12:01:09.423
!MESSAGE Could not install bundle plugins/org.eclipse.equinox.util_1.0.500.v20130404-1337.jar   A bundle is already installed with the name "org.eclipse.equinox.util" and version "1.0.500.v20130404-1337"

!ENTRY org.eclipse.update.configurator 4 0 2018-01-24 12:01:09.426
!MESSAGE Could not install bundle plugins/org.eclipse.equinox.weaving.hook_1.2.0.v20160929-1449.jar   A bundle is already installed with the name "org.eclipse.equinox.weaving.hook" and version "1.2.0.v20160929-1449"

!ENTRY org.eclipse.update.configurator 4 0 2018-01-24 12:01:09.430
!MESSAGE Could not install bundle plugins/org.eclipse.help.base_4.2.102.v20171130-0510.jar   A bundle is already installed with the name "org.eclipse.help.base" and version "4.2.102.v20171130-0510"

!ENTRY org.eclipse.update.configurator 4 0 2018-01-24 12:01:09.433
!MESSAGE Could not install bundle plugins/org.eclipse.help.ui_4.1.0.v20170311-0931.jar   A bundle is already installed with the name "org.eclipse.help.ui" and version "4.1.0.v20170311-0931"

!ENTRY org.eclipse.update.configurator 4 0 2018-01-24 12:01:09.435
!MESSAGE Could not install bundle plugins/org.eclipse.help_3.8.1.v20170815-1448.jar   A bundle is already installed with the name "org.eclipse.help" and version "3.8.1.v20170815-1448"

!ENTRY org.eclipse.update.configurator 4 0 2018-01-24 12:01:09.436
!MESSAGE Could not install bundle plugins/org.eclipse.jdt.compiler.apt_1.3.60.v20171129-1553.jar   A bundle is already installed with the name "org.eclipse.jdt.compiler.apt" and version "1.3.60.v20171129-1553"

!ENTRY org.eclipse.update.configurator 4 0 2018-01-24 12:01:09.438
!MESSAGE Could not install bundle plugins/org.eclipse.jdt.compiler.tool_1.2.51.v20171122-1403.jar   A bundle is already installed with the name "org.eclipse.jdt.compiler.tool" and version "1.2.51.v20171122-1403"

!ENTRY org.eclipse.update.configurator 4 0 2018-01-24 12:01:09.440
!MESSAGE Could not install bundle plugins/org.eclipse.jdt.core.manipulation_1.9.50.v20170920-1015.jar   A bundle is already installed with the name "org.eclipse.jdt.core.manipulation" and version "1.9.50.v20170920-1015"

!ENTRY org.eclipse.update.configurator 4 0 2018-01-24 12:01:09.445
!MESSAGE Could not install bundle plugins/org.eclipse.jdt.core_3.13.100.v20171123-1049.jar   A bundle is already installed with the name "org.eclipse.jdt.core" and version "3.13.100.v20171123-1049"

!ENTRY org.eclipse.update.configurator 4 0 2018-01-24 12:01:09.448
!MESSAGE Could not install bundle plugins/org.eclipse.jdt.debug.ui_3.8.51.v20171031-0416.jar   A bundle is already installed with the name "org.eclipse.jdt.debug.ui" and version "3.8.51.v20171031-0416"

!ENTRY org.eclipse.update.configurator 4 0 2018-01-24 12:01:09.449
!MESSAGE Could not install bundle plugins/org.eclipse.jdt.debug_3.11.50.v20170920-1717/   A bundle is already installed with the name "org.eclipse.jdt.debug" and version "3.11.50.v20170920-1717"

!ENTRY org.eclipse.update.configurator 4 0 2018-01-24 12:01:09.451
!MESSAGE Could not install bundle plugins/org.eclipse.jdt.junit.core_3.9.51.v20171102-1136.jar   A bundle is already installed with the name "org.eclipse.jdt.junit.core" and version "3.9.51.v20171102-1136"

!ENTRY org.eclipse.update.configurator 4 0 2018-01-24 12:01:09.452
!MESSAGE Could not install bundle plugins/org.eclipse.jdt.junit.runtime_3.4.651.v20171130-0906.jar   A bundle is already installed with the name "org.eclipse.jdt.junit.runtime" and version "3.4.651.v20171130-0906"

!ENTRY org.eclipse.update.configurator 4 0 2018-01-24 12:01:09.454
!MESSAGE Could not install bundle plugins/org.eclipse.jdt.junit_3.10.51.v20171107-1248.jar   A bundle is already installed with the name "org.eclipse.jdt.junit" and version "3.10.51.v20171107-1248"

!ENTRY org.eclipse.update.configurator 4 0 2018-01-24 12:01:09.456
!MESSAGE Could not install bundle plugins/org.eclipse.jdt.launching_3.9.51.v20171114-1018.jar   A bundle is already installed with the name "org.eclipse.jdt.launching" and version "3.9.51.v20171114-1018"

!ENTRY org.eclipse.update.configurator 4 0 2018-01-24 12:01:09.467
!MESSAGE Could not install bundle plugins/org.eclipse.jdt.ui_3.13.51.v20171122-0652.jar   A bundle is already installed with the name "org.eclipse.jdt.ui" and version "3.13.51.v20171122-0652"

!ENTRY org.eclipse.update.configurator 4 0 2018-01-24 12:01:09.469
!MESSAGE Could not install bundle plugins/org.eclipse.jem.util_2.1.201.v201707201954.jar   A bundle is already installed with the name "org.eclipse.jem.util" and version "2.1.201.v201707201954"

!ENTRY org.eclipse.update.configurator 4 0 2018-01-24 12:01:09.471
!MESSAGE Could not install bundle plugins/org.eclipse.jetty.http_9.4.7.v20170914.jar   A bundle is already installed with the name "org.eclipse.jetty.http" and version "9.4.7.v20170914"

!ENTRY org.eclipse.update.configurator 4 0 2018-01-24 12:01:09.472
!MESSAGE Could not install bundle plugins/org.eclipse.jetty.io_9.4.7.v20170914.jar   A bundle is already installed with the name "org.eclipse.jetty.io" and version "9.4.7.v20170914"

!ENTRY org.eclipse.update.configurator 4 0 2018-01-24 12:01:09.475
!MESSAGE Could not install bundle plugins/org.eclipse.jetty.security_9.4.7.v20170914.jar   A bundle is already installed with the name "org.eclipse.jetty.security" and version "9.4.7.v20170914"

!ENTRY org.eclipse.update.configurator 4 0 2018-01-24 12:01:09.476
!MESSAGE Could not install bundle plugins/org.eclipse.jetty.server_9.4.7.v20170914.jar   A bundle is already installed with the name "org.eclipse.jetty.server" and version "9.4.7.v20170914"

!ENTRY org.eclipse.update.configurator 4 0 2018-01-24 12:01:09.478
!MESSAGE Could not install bundle plugins/org.eclipse.jetty.servlet_9.4.7.v20170914.jar   A bundle is already installed with the name "org.eclipse.jetty.servlet" and version "9.4.7.v20170914"

!ENTRY org.eclipse.update.configurator 4 0 2018-01-24 12:01:09.480
!MESSAGE Could not install bundle plugins/org.eclipse.jetty.util_9.4.7.v20170914.jar   A bundle is already installed with the name "org.eclipse.jetty.util" and version "9.4.7.v20170914"

!ENTRY org.eclipse.update.configurator 4 0 2018-01-24 12:01:09.481
!MESSAGE Could not install bundle plugins/org.eclipse.jface.databinding_1.8.100.v20170503-1507.jar   A bundle is already installed with the name "org.eclipse.jface.databinding" and version "1.8.100.v20170503-1507"

!ENTRY org.eclipse.update.configurator 4 0 2018-01-24 12:01:09.484
!MESSAGE Could not install bundle plugins/org.eclipse.jface.text_3.12.1.v20171114-1359.jar   A bundle is already installed with the name "org.eclipse.jface.text" and version "3.12.1.v20171114-1359"

!ENTRY org.eclipse.update.configurator 4 0 2018-01-24 12:01:09.486
!MESSAGE Could not install bundle plugins/org.eclipse.jface_3.13.2.v20171022-1656.jar   A bundle is already installed with the name "org.eclipse.jface" and version "3.13.2.v20171022-1656"

!ENTRY org.eclipse.update.configurator 4 0 2018-01-24 12:01:09.487
!MESSAGE Could not install bundle plugins/org.eclipse.lsp4j.jsonrpc_0.2.0.v20170518-0647.jar   A bundle is already installed with the name "org.eclipse.lsp4j.jsonrpc" and version "0.2.0.v20170518-0647"

!ENTRY org.eclipse.update.configurator 4 0 2018-01-24 12:01:09.488
!MESSAGE Could not install bundle plugins/org.eclipse.lsp4j_0.2.0.v20170518-0647.jar   A bundle is already installed with the name "org.eclipse.lsp4j" and version "0.2.0.v20170518-0647"

!ENTRY org.eclipse.update.configurator 4 0 2018-01-24 12:01:09.490
!MESSAGE Could not install bundle plugins/org.eclipse.ltk.core.refactoring_3.8.0.v20170105-1156.jar   A bundle is already installed with the name "org.eclipse.ltk.core.refactoring" and version "3.8.0.v20170105-1156"

!ENTRY org.eclipse.update.configurator 4 0 2018-01-24 12:01:09.494
!MESSAGE Could not install bundle plugins/org.eclipse.ltk.ui.refactoring_3.9.0.v20170412-0825.jar   A bundle is already installed with the name "org.eclipse.ltk.ui.refactoring" and version "3.9.0.v20170412-0825"

!ENTRY org.eclipse.update.configurator 4 0 2018-01-24 12:01:09.496
!MESSAGE Could not install bundle plugins/org.eclipse.m2e.archetype.common_1.8.2.20171007-0216/   A bundle is already installed with the name "org.eclipse.m2e.archetype.common" and version "1.8.2.20171007-0216"

!ENTRY org.eclipse.update.configurator 4 0 2018-01-24 12:01:09.498
!MESSAGE Could not install bundle plugins/org.eclipse.m2e.core.ui_1.8.2.20171007-0217.jar   A bundle is already installed with the name "org.eclipse.m2e.core.ui" and version "1.8.2.20171007-0217"

!ENTRY org.eclipse.update.configurator 4 0 2018-01-24 12:01:09.500
!MESSAGE Could not install bundle plugins/org.eclipse.m2e.core_1.8.2.20171007-0217.jar   A bundle is already installed with the name "org.eclipse.m2e.core" and version "1.8.2.20171007-0217"

!ENTRY org.eclipse.update.configurator 4 0 2018-01-24 12:01:09.501
!MESSAGE Could not install bundle plugins/org.eclipse.m2e.logback.appender_1.8.2.20171007-0217.jar   A bundle is already installed with the name "org.eclipse.m2e.logback.appender" and version "1.8.2.20171007-0217"

!ENTRY org.eclipse.update.configurator 4 0 2018-01-24 12:01:09.503
!MESSAGE Could not install bundle plugins/org.eclipse.m2e.maven.indexer_1.8.2.20171007-0216/   A bundle is already installed with the name "org.eclipse.m2e.maven.indexer" and version "1.8.2.20171007-0216"

!ENTRY org.eclipse.update.configurator 4 0 2018-01-24 12:01:09.504
!MESSAGE Could not install bundle plugins/org.eclipse.m2e.maven.runtime.slf4j.simple_1.8.2.20171007-0216/   A bundle is already installed with the name "org.eclipse.m2e.maven.runtime.slf4j.simple" and version "1.8.2.20171007-0216"

!ENTRY org.eclipse.update.configurator 4 0 2018-01-24 12:01:09.508
!MESSAGE Could not install bundle plugins/org.eclipse.m2e.maven.runtime_1.8.2.20171007-0216/   A bundle is already installed with the name "org.eclipse.m2e.maven.runtime" and version "1.8.2.20171007-0216"

!ENTRY org.eclipse.update.configurator 4 0 2018-01-24 12:01:09.510
!MESSAGE Could not install bundle plugins/org.eclipse.m2e.model.edit_1.8.2.20171007-0217.jar   A bundle is already installed with the name "org.eclipse.m2e.model.edit" and version "1.8.2.20171007-0217"

!ENTRY org.eclipse.update.configurator 4 0 2018-01-24 12:01:09.511
!MESSAGE Could not install bundle plugins/org.eclipse.m2e.workspace.cli_0.3.1.jar   A bundle is already installed with the name "org.eclipse.m2e.workspace.cli" and version "0.3.1"

!ENTRY org.eclipse.update.configurator 4 0 2018-01-24 12:01:09.518
!MESSAGE Could not install bundle plugins/org.eclipse.pde.build_3.9.300.v20170515-0912/   A bundle is already installed with the name "org.eclipse.pde.build" and version "3.9.300.v20170515-0912"

!ENTRY org.eclipse.update.configurator 4 0 2018-01-24 12:01:09.521
!MESSAGE Could not install bundle plugins/org.eclipse.pde.core_3.11.100.v20170517-0724.jar   A bundle is already installed with the name "org.eclipse.pde.core" and version "3.11.100.v20170517-0724"

!ENTRY org.eclipse.update.configurator 4 0 2018-01-24 12:01:09.522
!MESSAGE Could not install bundle plugins/org.eclipse.pde.ds.lib_1.1.0.v20170303-1624/   A bundle is already installed with the name "org.eclipse.pde.ds.lib" and version "1.1.0.v20170303-1624"

!ENTRY org.eclipse.update.configurator 4 0 2018-01-24 12:01:09.523
!MESSAGE Could not install bundle plugins/org.eclipse.pde.launching_3.7.51.v20171108-1813.jar   A bundle is already installed with the name "org.eclipse.pde.launching" and version "3.7.51.v20171108-1813"

!ENTRY org.eclipse.update.configurator 4 0 2018-01-24 12:01:09.528
!MESSAGE Could not install bundle plugins/org.eclipse.pde.ui_3.10.51.v20171108-1813.jar   A bundle is already installed with the name "org.eclipse.pde.ui" and version "3.10.51.v20171108-1813"

!ENTRY org.eclipse.update.configurator 4 0 2018-01-24 12:01:09.530
!MESSAGE Could not install bundle plugins/org.eclipse.search_3.11.100.v20170515-1603.jar   A bundle is already installed with the name "org.eclipse.search" and version "3.11.100.v20170515-1603"

!ENTRY org.eclipse.update.configurator 4 0 2018-01-24 12:01:09.532
!MESSAGE Could not install bundle plugins/org.eclipse.swt.cocoa.macosx.x86_64.source_3.106.2.v20171129-0543.jar   A bundle is already installed with the name "org.eclipse.swt.cocoa.macosx.x86_64.source" and version "3.106.2.v20171129-0543"

!ENTRY org.eclipse.update.configurator 4 0 2018-01-24 12:01:09.534
!MESSAGE Could not install bundle plugins/org.eclipse.swt.cocoa.macosx.x86_64_3.106.2.v20171129-0543.jar   A bundle is already installed with the name "org.eclipse.swt.cocoa.macosx.x86_64" and version "3.106.2.v20171129-0543"

!ENTRY org.eclipse.update.configurator 4 0 2018-01-24 12:01:09.535
!MESSAGE Could not install bundle plugins/org.eclipse.swt_3.106.2.v20171129-0543.jar   A bundle is already installed with the name "org.eclipse.swt" and version "3.106.2.v20171129-0543"

!ENTRY org.eclipse.update.configurator 4 0 2018-01-24 12:01:09.537
!MESSAGE Could not install bundle plugins/org.eclipse.team.core_3.8.100.v20170516-0820.jar   A bundle is already installed with the name "org.eclipse.team.core" and version "3.8.100.v20170516-0820"

!ENTRY org.eclipse.update.configurator 4 0 2018-01-24 12:01:09.539
!MESSAGE Could not install bundle plugins/org.eclipse.team.ui_3.8.1.v20170515-1133.jar   A bundle is already installed with the name "org.eclipse.team.ui" and version "3.8.1.v20170515-1133"

!ENTRY org.eclipse.update.configurator 4 0 2018-01-24 12:01:09.541
!MESSAGE Could not install bundle plugins/org.eclipse.text_3.6.100.v20170203-0814.jar   A bundle is already installed with the name "org.eclipse.text" and version "3.6.100.v20170203-0814"

!ENTRY org.eclipse.update.configurator 4 0 2018-01-24 12:01:09.543
!MESSAGE Could not install bundle plugins/org.eclipse.ui.cheatsheets_3.5.100.v20170515-0748.jar   A bundle is already installed with the name "org.eclipse.ui.cheatsheets" and version "3.5.100.v20170515-0748"

!ENTRY org.eclipse.update.configurator 4 0 2018-01-24 12:01:09.544
!MESSAGE Could not install bundle plugins/org.eclipse.ui.console_3.7.1.v20170728-0806.jar   A bundle is already installed with the name "org.eclipse.ui.console" and version "3.7.1.v20170728-0806"

!ENTRY org.eclipse.update.configurator 4 0 2018-01-24 12:01:09.546
!MESSAGE Could not install bundle plugins/org.eclipse.ui.editors_3.11.0.v20170202-1823.jar   A bundle is already installed with the name "org.eclipse.ui.editors" and version "3.11.0.v20170202-1823"

!ENTRY org.eclipse.update.configurator 4 0 2018-01-24 12:01:09.547
!MESSAGE Could not install bundle plugins/org.eclipse.ui.externaltools_3.4.0.v20161212-0515.jar   A bundle is already installed with the name "org.eclipse.ui.externaltools" and version "3.4.0.v20161212-0515"

!ENTRY org.eclipse.update.configurator 4 0 2018-01-24 12:01:09.548
!MESSAGE Could not install bundle plugins/org.eclipse.ui.forms_3.7.101.v20170815-1446.jar   A bundle is already installed with the name "org.eclipse.ui.forms" and version "3.7.101.v20170815-1446"

!ENTRY org.eclipse.update.configurator 4 0 2018-01-24 12:01:09.550
!MESSAGE Could not install bundle plugins/org.eclipse.ui.ide.application_1.2.0.v20170512-1452.jar   A bundle is already installed with the name "org.eclipse.ui.ide.application" and version "1.2.0.v20170512-1452"

!ENTRY org.eclipse.update.configurator 4 0 2018-01-24 12:01:09.554
!MESSAGE Could not install bundle plugins/org.eclipse.ui.ide_3.13.1.v20170822-1526.jar   A bundle is already installed with the name "org.eclipse.ui.ide" and version "3.13.1.v20170822-1526"

!ENTRY org.eclipse.update.configurator 4 0 2018-01-24 12:01:09.556
!MESSAGE Could not install bundle plugins/org.eclipse.ui.intro_3.5.100.v20170418-0710.jar   A bundle is already installed with the name "org.eclipse.ui.intro" and version "3.5.100.v20170418-0710"

!ENTRY org.eclipse.update.configurator 4 0 2018-01-24 12:01:09.557
!MESSAGE Could not install bundle plugins/org.eclipse.ui.navigator.resources_3.6.1.v20170823-1443.jar   A bundle is already installed with the name "org.eclipse.ui.navigator.resources" and version "3.6.1.v20170823-1443"

!ENTRY org.eclipse.update.configurator 4 0 2018-01-24 12:01:09.559
!MESSAGE Could not install bundle plugins/org.eclipse.ui.navigator_3.7.0.v20170418-1342.jar   A bundle is already installed with the name "org.eclipse.ui.navigator" and version "3.7.0.v20170418-1342"

!ENTRY org.eclipse.update.configurator 4 0 2018-01-24 12:01:09.561
!MESSAGE Could not install bundle plugins/org.eclipse.ui.trace_1.1.0.v20170201-2036.jar   A bundle is already installed with the name "org.eclipse.ui.trace" and version "1.1.0.v20170201-2036"

!ENTRY org.eclipse.update.configurator 4 0 2018-01-24 12:01:09.562
!MESSAGE Could not install bundle plugins/org.eclipse.ui.views.log_1.2.100.v20170515-1458.jar   A bundle is already installed with the name "org.eclipse.ui.views.log" and version "1.2.100.v20170515-1458"

!ENTRY org.eclipse.update.configurator 4 0 2018-01-24 12:01:09.564
!MESSAGE Could not install bundle plugins/org.eclipse.ui.views.properties.tabbed_3.8.1.v20170713-0803.jar   A bundle is already installed with the name "org.eclipse.ui.views.properties.tabbed" and version "3.8.1.v20170713-0803"

!ENTRY org.eclipse.update.configurator 4 0 2018-01-24 12:01:09.565
!MESSAGE Could not install bundle plugins/org.eclipse.ui.views_3.9.0.v20170226-1833.jar   A bundle is already installed with the name "org.eclipse.ui.views" and version "3.9.0.v20170226-1833"

!ENTRY org.eclipse.update.configurator 4 0 2018-01-24 12:01:09.567
!MESSAGE Could not install bundle plugins/org.eclipse.ui.workbench.texteditor_3.10.100.v20170426-2021.jar   A bundle is already installed with the name "org.eclipse.ui.workbench.texteditor" and version "3.10.100.v20170426-2021"

!ENTRY org.eclipse.update.configurator 4 0 2018-01-24 12:01:09.572
!MESSAGE Could not install bundle plugins/org.eclipse.ui.workbench_3.110.1.v20170704-1208.jar   A bundle is already installed with the name "org.eclipse.ui.workbench" and version "3.110.1.v20170704-1208"

!ENTRY org.eclipse.update.configurator 4 0 2018-01-24 12:01:09.574
!MESSAGE Could not install bundle plugins/org.eclipse.ui_3.109.0.v20170411-1742.jar   A bundle is already installed with the name "org.eclipse.ui" and version "3.109.0.v20170411-1742"

!ENTRY org.eclipse.update.configurator 4 0 2018-01-24 12:01:09.575
!MESSAGE Could not install bundle plugins/org.eclipse.update.configurator_3.3.400.v20160506-0750.jar   A bundle is already installed with the name "org.eclipse.update.configurator" and version "3.3.400.v20160506-0750"

!ENTRY org.eclipse.update.configurator 4 0 2018-01-24 12:01:09.576
!MESSAGE Could not install bundle plugins/org.eclipse.wst.common.core_1.2.0.v200908251833.jar   A bundle is already installed with the name "org.eclipse.wst.common.core" and version "1.2.0.v200908251833"

!ENTRY org.eclipse.update.configurator 4 0 2018-01-24 12:01:09.578
!MESSAGE Could not install bundle plugins/org.eclipse.wst.common.emf_1.2.500.v201701191735.jar   A bundle is already installed with the name "org.eclipse.wst.common.emf" and version "1.2.500.v201701191735"

!ENTRY org.eclipse.update.configurator 4 0 2018-01-24 12:01:09.579
!MESSAGE Could not install bundle plugins/org.eclipse.wst.common.emfworkbench.integration_1.2.101.v201107081800.jar   A bundle is already installed with the name "org.eclipse.wst.common.emfworkbench.integration" and version "1.2.101.v201107081800"

!ENTRY org.eclipse.update.configurator 4 0 2018-01-24 12:01:09.581
!MESSAGE Could not install bundle plugins/org.eclipse.wst.common.environment_1.0.400.v200912181831.jar   A bundle is already installed with the name "org.eclipse.wst.common.environment" and version "1.0.400.v200912181831"

!ENTRY org.eclipse.update.configurator 4 0 2018-01-24 12:01:09.582
!MESSAGE Could not install bundle plugins/org.eclipse.wst.common.frameworks_1.2.201.v201707201954.jar   A bundle is already installed with the name "org.eclipse.wst.common.frameworks" and version "1.2.201.v201707201954"

!ENTRY org.eclipse.update.configurator 4 0 2018-01-24 12:01:09.584
!MESSAGE Could not install bundle plugins/org.eclipse.wst.common.project.facet.core_1.4.300.v201111030423.jar   A bundle is already installed with the name "org.eclipse.wst.common.project.facet.core" and version "1.4.300.v201111030423"

!ENTRY org.eclipse.update.configurator 4 0 2018-01-24 12:01:09.585
!MESSAGE Could not install bundle plugins/org.eclipse.wst.common.uriresolver_1.2.300.v201702270556.jar   A bundle is already installed with the name "org.eclipse.wst.common.uriresolver" and version "1.2.300.v201702270556"

!ENTRY org.eclipse.update.configurator 4 0 2018-01-24 12:01:09.587
!MESSAGE Could not install bundle plugins/org.eclipse.wst.sse.core_1.1.1001.v201707042225.jar   A bundle is already installed with the name "org.eclipse.wst.sse.core" and version "1.1.1001.v201707042225"

!ENTRY org.eclipse.update.configurator 4 0 2018-01-24 12:01:09.589
!MESSAGE Could not install bundle plugins/org.eclipse.wst.validation_1.2.701.v201707142105.jar   A bundle is already installed with the name "org.eclipse.wst.validation" and version "1.2.701.v201707142105"

!ENTRY org.eclipse.update.configurator 4 0 2018-01-24 12:01:09.592
!MESSAGE Could not install bundle plugins/org.eclipse.wst.xml.core_1.1.1100.v201705012045.jar   A bundle is already installed with the name "org.eclipse.wst.xml.core" and version "1.1.1100.v201705012045"

!ENTRY org.eclipse.update.configurator 4 0 2018-01-24 12:01:09.593
!MESSAGE Could not install bundle plugins/org.eclipse.wst.xsd.core_1.1.900.v201401141857.jar   A bundle is already installed with the name "org.eclipse.wst.xsd.core" and version "1.1.900.v201401141857"

!ENTRY org.eclipse.update.configurator 4 0 2018-01-24 12:01:09.594
!MESSAGE Could not install bundle plugins/org.eclipse.xpand_2.2.0.v201605260315.jar   A bundle is already installed with the name "org.eclipse.xpand" and version "2.2.0.v201605260315"

!ENTRY org.eclipse.update.configurator 4 0 2018-01-24 12:01:09.596
!MESSAGE Could not install bundle plugins/org.eclipse.xsd_2.13.0.v20170609-0928.jar   A bundle is already installed with the name "org.eclipse.xsd" and version "2.13.0.v20170609-0928"

!ENTRY org.eclipse.update.configurator 4 0 2018-01-24 12:01:09.598
!MESSAGE Could not install bundle plugins/org.eclipse.xtend.lib.macro_2.12.0.v20170518-0757.jar   A bundle is already installed with the name "org.eclipse.xtend.lib.macro" and version "2.12.0.v20170518-0757"

!ENTRY org.eclipse.update.configurator 4 0 2018-01-24 12:01:09.599
!MESSAGE Could not install bundle plugins/org.eclipse.xtend.lib_2.12.0.v20170518-0757.jar   A bundle is already installed with the name "org.eclipse.xtend.lib" and version "2.12.0.v20170518-0757"

!ENTRY org.eclipse.update.configurator 4 0 2018-01-24 12:01:09.600
!MESSAGE Could not install bundle plugins/org.eclipse.xtend.typesystem.emf_2.2.0.v201605260315.jar   A bundle is already installed with the name "org.eclipse.xtend.typesystem.emf" and version "2.2.0.v201605260315"

!ENTRY org.eclipse.update.configurator 4 0 2018-01-24 12:01:09.602
!MESSAGE Could not install bundle plugins/org.eclipse.xtend_2.2.0.v201605260315.jar   A bundle is already installed with the name "org.eclipse.xtend" and version "2.2.0.v201605260315"

!ENTRY org.eclipse.update.configurator 4 0 2018-01-24 12:01:09.603
!MESSAGE Could not install bundle plugins/org.eclipse.xtext.builder.standalone_2.12.0.v20170519-0752.jar   A bundle is already installed with the name "org.eclipse.xtext.builder.standalone" and version "2.12.0.v20170519-0752"

!ENTRY org.eclipse.update.configurator 4 0 2018-01-24 12:01:09.605
!MESSAGE Could not install bundle plugins/org.eclipse.xtext.builder_2.12.0.v20170519-0809.jar   A bundle is already installed with the name "org.eclipse.xtext.builder" and version "2.12.0.v20170519-0809"

!ENTRY org.eclipse.update.configurator 4 0 2018-01-24 12:01:09.606
!MESSAGE Could not install bundle plugins/org.eclipse.xtext.common.types.edit_2.12.0.v20170519-0809.jar   A bundle is already installed with the name "org.eclipse.xtext.common.types.edit" and version "2.12.0.v20170519-0809"

!ENTRY org.eclipse.update.configurator 4 0 2018-01-24 12:01:09.608
!MESSAGE Could not install bundle plugins/org.eclipse.xtext.common.types.ui_2.12.0.v20170519-0809.jar   A bundle is already installed with the name "org.eclipse.xtext.common.types.ui" and version "2.12.0.v20170519-0809"

!ENTRY org.eclipse.update.configurator 4 0 2018-01-24 12:01:09.609
!MESSAGE Could not install bundle plugins/org.eclipse.xtext.common.types_2.12.0.v20170519-0752.jar   A bundle is already installed with the name "org.eclipse.xtext.common.types" and version "2.12.0.v20170519-0752"

!ENTRY org.eclipse.update.configurator 4 0 2018-01-24 12:01:09.611
!MESSAGE Could not install bundle plugins/org.eclipse.xtext.ecore_2.12.0.v20170519-0752.jar   A bundle is already installed with the name "org.eclipse.xtext.ecore" and version "2.12.0.v20170519-0752"

!ENTRY org.eclipse.update.configurator 4 0 2018-01-24 12:01:09.613
!MESSAGE Could not install bundle plugins/org.eclipse.xtext.generator_2.12.0.v20170519-0752.jar   A bundle is already installed with the name "org.eclipse.xtext.generator" and version "2.12.0.v20170519-0752"

!ENTRY org.eclipse.update.configurator 4 0 2018-01-24 12:01:09.614
!MESSAGE Could not install bundle plugins/org.eclipse.xtext.ide_2.12.0.v20170518-0959.jar   A bundle is already installed with the name "org.eclipse.xtext.ide" and version "2.12.0.v20170518-0959"

!ENTRY org.eclipse.update.configurator 4 0 2018-01-24 12:01:09.617
!MESSAGE Could not install bundle plugins/org.eclipse.xtext.junit4_2.12.0.v20170519-0809.jar   A bundle is already installed with the name "org.eclipse.xtext.junit4" and version "2.12.0.v20170519-0809"

!ENTRY org.eclipse.update.configurator 4 0 2018-01-24 12:01:09.618
!MESSAGE Could not install bundle plugins/org.eclipse.xtext.logging_1.2.15.v20170519-0809.jar   A bundle is already installed with the name "org.eclipse.xtext.logging" and version "1.2.15.v20170519-0809"

!ENTRY org.eclipse.update.configurator 4 0 2018-01-24 12:01:09.620
!MESSAGE Could not install bundle plugins/org.eclipse.xtext.smap_2.12.0.v20170519-0752.jar   A bundle is already installed with the name "org.eclipse.xtext.smap" and version "2.12.0.v20170519-0752"

!ENTRY org.eclipse.update.configurator 4 0 2018-01-24 12:01:09.621
!MESSAGE Could not install bundle plugins/org.eclipse.xtext.testing_2.12.0.v20170518-0959.jar   A bundle is already installed with the name "org.eclipse.xtext.testing" and version "2.12.0.v20170518-0959"

!ENTRY org.eclipse.update.configurator 4 0 2018-01-24 12:01:09.623
!MESSAGE Could not install bundle plugins/org.eclipse.xtext.ui.codetemplates.ui_2.12.0.v20170519-0809.jar   A bundle is already installed with the name "org.eclipse.xtext.ui.codetemplates.ui" and version "2.12.0.v20170519-0809"

!ENTRY org.eclipse.update.configurator 4 0 2018-01-24 12:01:09.625
!MESSAGE Could not install bundle plugins/org.eclipse.xtext.ui.codetemplates_2.12.0.v20170519-0809.jar   A bundle is already installed with the name "org.eclipse.xtext.ui.codetemplates" and version "2.12.0.v20170519-0809"

!ENTRY org.eclipse.update.configurator 4 0 2018-01-24 12:01:09.626
!MESSAGE Could not install bundle plugins/org.eclipse.xtext.ui.shared_2.12.0.v20170519-0809.jar   A bundle is already installed with the name "org.eclipse.xtext.ui.shared" and version "2.12.0.v20170519-0809"

!ENTRY org.eclipse.update.configurator 4 0 2018-01-24 12:01:09.627
!MESSAGE Could not install bundle plugins/org.eclipse.xtext.ui.testing_2.12.0.v20170519-0809.jar   A bundle is already installed with the name "org.eclipse.xtext.ui.testing" and version "2.12.0.v20170519-0809"

!ENTRY org.eclipse.update.configurator 4 0 2018-01-24 12:01:09.631
!MESSAGE Could not install bundle plugins/org.eclipse.xtext.ui_2.12.0.v20170519-0809.jar   A bundle is already installed with the name "org.eclipse.xtext.ui" and version "2.12.0.v20170519-0809"

!ENTRY org.eclipse.update.configurator 4 0 2018-01-24 12:01:09.633
!MESSAGE Could not install bundle plugins/org.eclipse.xtext.util_2.12.0.v20170518-0959.jar   A bundle is already installed with the name "org.eclipse.xtext.util" and version "2.12.0.v20170518-0959"

!ENTRY org.eclipse.update.configurator 4 0 2018-01-24 12:01:09.634
!MESSAGE Could not install bundle plugins/org.eclipse.xtext.xbase.ide_2.12.0.v20170519-0752.jar   A bundle is already installed with the name "org.eclipse.xtext.xbase.ide" and version "2.12.0.v20170519-0752"

!ENTRY org.eclipse.update.configurator 4 0 2018-01-24 12:01:09.636
!MESSAGE Could not install bundle plugins/org.eclipse.xtext.xbase.junit_2.12.0.v20170519-0809.jar   A bundle is already installed with the name "org.eclipse.xtext.xbase.junit" and version "2.12.0.v20170519-0809"

!ENTRY org.eclipse.update.configurator 4 0 2018-01-24 12:01:09.637
!MESSAGE Could not install bundle plugins/org.eclipse.xtext.xbase.lib_2.12.0.v20170518-0757.jar   A bundle is already installed with the name "org.eclipse.xtext.xbase.lib" and version "2.12.0.v20170518-0757"

!ENTRY org.eclipse.update.configurator 4 0 2018-01-24 12:01:09.639
!MESSAGE Could not install bundle plugins/org.eclipse.xtext.xbase.testing_2.12.0.v20170519-0752.jar   A bundle is already installed with the name "org.eclipse.xtext.xbase.testing" and version "2.12.0.v20170519-0752"

!ENTRY org.eclipse.update.configurator 4 0 2018-01-24 12:01:09.641
!MESSAGE Could not install bundle plugins/org.eclipse.xtext.xbase.ui_2.12.0.v20170519-0809.jar   A bundle is already installed with the name "org.eclipse.xtext.xbase.ui" and version "2.12.0.v20170519-0809"

!ENTRY org.eclipse.update.configurator 4 0 2018-01-24 12:01:09.644
!MESSAGE Could not install bundle plugins/org.eclipse.xtext.xbase_2.12.0.v20170519-0752.jar   A bundle is already installed with the name "org.eclipse.xtext.xbase" and version "2.12.0.v20170519-0752"

!ENTRY org.eclipse.update.configurator 4 0 2018-01-24 12:01:09.645
!MESSAGE Could not install bundle plugins/org.eclipse.xtext.xtext.generator_2.12.0.v20170518-0959.jar   A bundle is already installed with the name "org.eclipse.xtext.xtext.generator" and version "2.12.0.v20170518-0959"

!ENTRY org.eclipse.update.configurator 4 0 2018-01-24 12:01:09.648
!MESSAGE Could not install bundle plugins/org.eclipse.xtext_2.12.0.v20170518-0959.jar   A bundle is already installed with the name "org.eclipse.xtext" and version "2.12.0.v20170518-0959"

!ENTRY org.eclipse.update.configurator 4 0 2018-01-24 12:01:09.650
!MESSAGE Could not install bundle plugins/org.hamcrest.core_1.3.0.v201303031735.jar   A bundle is already installed with the name "org.hamcrest.core" and version "1.3.0.v201303031735"

!ENTRY org.eclipse.update.configurator 4 0 2018-01-24 12:01:09.651
!MESSAGE Could not install bundle plugins/org.junit_4.12.0.v201504281640/   A bundle is already installed with the name "org.junit" and version "4.12.0.v201504281640"

!ENTRY org.eclipse.update.configurator 4 0 2018-01-24 12:01:09.652
!MESSAGE Could not install bundle plugins/org.objectweb.asm_5.0.1.v201404251740.jar   A bundle is already installed with the name "org.objectweb.asm" and version "5.0.1.v201404251740"

!ENTRY org.eclipse.update.configurator 4 0 2018-01-24 12:01:09.653
!MESSAGE Could not install bundle plugins/org.sat4j.core_2.3.5.v201308161310.jar   A bundle is already installed with the name "org.sat4j.core" and version "2.3.5.v201308161310"

!ENTRY org.eclipse.update.configurator 4 0 2018-01-24 12:01:09.655
!MESSAGE Could not install bundle plugins/org.sat4j.pb_2.3.5.v201404071733.jar   A bundle is already installed with the name "org.sat4j.pb" and version "2.3.5.v201404071733"

!ENTRY org.eclipse.update.configurator 4 0 2018-01-24 12:01:09.656
!MESSAGE Could not install bundle plugins/org.slf4j.api_1.7.2.v20121108-1250.jar   A bundle is already installed with the name "org.slf4j.api" and version "1.7.2.v20121108-1250"

!ENTRY org.eclipse.update.configurator 4 0 2018-01-24 12:01:09.657
!MESSAGE Could not install bundle plugins/org.slf4j.impl.log4j12_1.7.2.v20131105-2200.jar   A bundle is already installed with the name "org.slf4j.impl.log4j12" and version "1.7.2.v20131105-2200"

!ENTRY org.eclipse.update.configurator 4 0 2018-01-24 12:01:09.659
!MESSAGE Could not install bundle plugins/org.tukaani.xz_1.5.0.v20170111-1717.jar   A bundle is already installed with the name "org.tukaani.xz" and version "1.5.0.v20170111-1717"

!ENTRY org.eclipse.update.configurator 4 0 2018-01-24 12:01:09.660
!MESSAGE Could not install bundle plugins/org.w3c.css.sac_1.3.1.v200903091627.jar   A bundle is already installed with the name "org.w3c.css.sac" and version "1.3.1.v200903091627"

!ENTRY org.eclipse.update.configurator 4 0 2018-01-24 12:01:09.662
!MESSAGE Could not install bundle plugins/org.w3c.dom.events_3.0.0.draft20060413_v201105210656.jar   A bundle is already installed with the name "org.w3c.dom.events" and version "3.0.0.draft20060413_v201105210656"

!ENTRY org.eclipse.update.configurator 4 0 2018-01-24 12:01:09.663
!MESSAGE Could not install bundle plugins/org.w3c.dom.smil_1.0.1.v200903091627.jar   A bundle is already installed with the name "org.w3c.dom.smil" and version "1.0.1.v200903091627"

!ENTRY org.eclipse.update.configurator 4 0 2018-01-24 12:01:09.665
!MESSAGE Could not install bundle plugins/org.w3c.dom.svg_1.1.0.v201011041433.jar   A bundle is already installed with the name "org.w3c.dom.svg" and version "1.1.0.v201011041433"

!ENTRY org.eclipse.m2e.core 4 0 2018-01-24 12:01:09.807
!MESSAGE FrameworkEvent ERROR
!STACK 0
org.osgi.framework.BundleException: Could not resolve module: org.eclipse.m2e.core [162]
  Unresolved requirement: Require-Bundle: com.google.guava; bundle-version="[21.0.0,22.0.0)"

	at org.eclipse.osgi.container.Module.start(Module.java:444)
	at org.eclipse.osgi.container.ModuleContainer$ContainerStartLevel.incStartLevel(ModuleContainer.java:1634)
	at org.eclipse.osgi.container.ModuleContainer$ContainerStartLevel.incStartLevel(ModuleContainer.java:1613)
	at org.eclipse.osgi.container.ModuleContainer$ContainerStartLevel.doContainerStartLevel(ModuleContainer.java:1585)
	at org.eclipse.osgi.container.ModuleContainer$ContainerStartLevel.dispatchEvent(ModuleContainer.java:1528)
	at org.eclipse.osgi.container.ModuleContainer$ContainerStartLevel.dispatchEvent(ModuleContainer.java:1)
	at org.eclipse.osgi.framework.eventmgr.EventManager.dispatchEvent(EventManager.java:230)
	at org.eclipse.osgi.framework.eventmgr.EventManager$EventThread.run(EventManager.java:340)

!ENTRY org.eclipse.m2e.core.ui 4 0 2018-01-24 12:01:09.811
!MESSAGE FrameworkEvent ERROR
!STACK 0
org.osgi.framework.BundleException: Could not resolve module: org.eclipse.m2e.core.ui [163]
  Unresolved requirement: Require-Bundle: org.eclipse.m2e.core; bundle-version="[1.8.1,1.9.0)"
    -> Bundle-SymbolicName: org.eclipse.m2e.core; bundle-version="1.8.2.20171007-0217"; singleton:="true"
       org.eclipse.m2e.core [162]
         Unresolved requirement: Require-Bundle: com.google.guava; bundle-version="[21.0.0,22.0.0)"

	at org.eclipse.osgi.container.Module.start(Module.java:444)
	at org.eclipse.osgi.container.ModuleContainer$ContainerStartLevel.incStartLevel(ModuleContainer.java:1634)
	at org.eclipse.osgi.container.ModuleContainer$ContainerStartLevel.incStartLevel(ModuleContainer.java:1613)
	at org.eclipse.osgi.container.ModuleContainer$ContainerStartLevel.doContainerStartLevel(ModuleContainer.java:1585)
	at org.eclipse.osgi.container.ModuleContainer$ContainerStartLevel.dispatchEvent(ModuleContainer.java:1528)
	at org.eclipse.osgi.container.ModuleContainer$ContainerStartLevel.dispatchEvent(ModuleContainer.java:1)
	at org.eclipse.osgi.framework.eventmgr.EventManager.dispatchEvent(EventManager.java:230)
	at org.eclipse.osgi.framework.eventmgr.EventManager$EventThread.run(EventManager.java:340)
