!SESSION 2018-01-24 12:00:00.810 -----------------------------------------------
eclipse.buildId=unknown
java.version=1.8.0_151
java.vendor=Oracle Corporation
BootLoader constants: OS=macosx, ARCH=x86_64, WS=cocoa, NL=fr_FR
Framework arguments:  -psn_0_4945079
Command-line arguments:  -os macosx -ws cocoa -arch x86_64 -psn_0_4945079

!ENTRY org.eclipse.update.configurator 4 0 2018-01-24 12:00:03.015
!MESSAGE Could not install bundle plugins/ch.qos.logback.classic_1.0.7.v20121108-1250.jar   A bundle is already installed with the name "ch.qos.logback.classic" and version "1.0.7.v20121108-1250"

!ENTRY org.eclipse.update.configurator 4 0 2018-01-24 12:00:03.017
!MESSAGE Could not install bundle plugins/ch.qos.logback.core_1.0.7.v20121108-1250.jar   A bundle is already installed with the name "ch.qos.logback.core" and version "1.0.7.v20121108-1250"

!ENTRY org.eclipse.update.configurator 4 0 2018-01-24 12:00:03.019
!MESSAGE Could not install bundle plugins/ch.qos.logback.slf4j_1.0.7.v201505121915.jar   A bundle is already installed with the name "ch.qos.logback.slf4j" and version "1.0.7.v201505121915"

!ENTRY org.eclipse.update.configurator 4 0 2018-01-24 12:00:03.020
!MESSAGE Could not install bundle plugins/com.google.gson_2.7.0.v20170129-0911.jar   A bundle is already installed with the name "com.google.gson" and version "2.7.0.v20170129-0911"

!ENTRY org.eclipse.update.configurator 4 0 2018-01-24 12:00:03.024
!MESSAGE Could not install bundle plugins/com.google.guava_15.0.0.v201403281430.jar   A bundle is already installed with the name "com.google.guava" and version "15.0.0.v201403281430"

!ENTRY org.eclipse.update.configurator 4 0 2018-01-24 12:00:03.025
!MESSAGE Could not install bundle plugins/com.google.inject_3.0.0.v201312141243.jar   A bundle is already installed with the name "com.google.inject" and version "3.0.0.v201312141243"

!ENTRY org.eclipse.update.configurator 4 0 2018-01-24 12:00:03.031
!MESSAGE Could not install bundle plugins/com.ibm.icu_58.2.0.v20170418-1837.jar   A bundle is already installed with the name "com.ibm.icu" and version "58.2.0.v20170418-1837"

!ENTRY org.eclipse.update.configurator 4 0 2018-01-24 12:00:03.033
!MESSAGE Could not install bundle plugins/com.jcraft.jsch_0.1.54.v20170116-1932.jar   A bundle is already installed with the name "com.jcraft.jsch" and version "0.1.54.v20170116-1932"

!ENTRY org.eclipse.update.configurator 4 0 2018-01-24 12:00:03.034
!MESSAGE Could not install bundle plugins/fr.idmteam1.idmproject.dronedsl.ide_1.0.0.201801121657.jar   A bundle is already installed with the name "fr.idmteam1.idmproject.dronedsl.ide" and version "1.0.0.201801121657"

!ENTRY org.eclipse.update.configurator 4 0 2018-01-24 12:00:03.035
!MESSAGE Could not install bundle plugins/fr.idmteam1.idmproject.dronedsl.product_1.0.0.201801121657.jar   A bundle is already installed with the name "fr.idmteam1.idmproject.dronedsl.product" and version "1.0.0.201801121657"

!ENTRY org.eclipse.update.configurator 4 0 2018-01-24 12:00:03.036
!MESSAGE Could not install bundle plugins/fr.idmteam1.idmproject.dronedsl.tests_1.0.0.201801121657.jar   A bundle is already installed with the name "fr.idmteam1.idmproject.dronedsl.tests" and version "1.0.0.201801121657"

!ENTRY org.eclipse.update.configurator 4 0 2018-01-24 12:00:03.037
!MESSAGE Could not install bundle plugins/fr.idmteam1.idmproject.dronedsl.ui.tests_1.0.0.201801121657.jar   A bundle is already installed with the name "fr.idmteam1.idmproject.dronedsl.ui.tests" and version "1.0.0.201801121657"

!ENTRY org.eclipse.update.configurator 4 0 2018-01-24 12:00:03.039
!MESSAGE Could not install bundle plugins/fr.idmteam1.idmproject.dronedsl.ui_1.0.0.201801121657.jar   A bundle is already installed with the name "fr.idmteam1.idmproject.dronedsl.ui" and version "1.0.0.201801121657"

!ENTRY org.eclipse.update.configurator 4 0 2018-01-24 12:00:03.040
!MESSAGE Could not install bundle plugins/fr.idmteam1.idmproject.dronedsl_1.0.0.201801121657.jar   A bundle is already installed with the name "fr.idmteam1.idmproject.dronedsl" and version "1.0.0.201801121657"

!ENTRY org.eclipse.update.configurator 4 0 2018-01-24 12:00:03.041
!MESSAGE Could not install bundle plugins/javax.annotation_1.2.0.v201602091430.jar   A bundle is already installed with the name "javax.annotation" and version "1.2.0.v201602091430"

!ENTRY org.eclipse.update.configurator 4 0 2018-01-24 12:00:03.042
!MESSAGE Could not install bundle plugins/javax.inject_1.0.0.v20091030.jar   A bundle is already installed with the name "javax.inject" and version "1.0.0.v20091030"

!ENTRY org.eclipse.update.configurator 4 0 2018-01-24 12:00:03.044
!MESSAGE Could not install bundle plugins/javax.servlet_3.1.0.v201410161800.jar   A bundle is already installed with the name "javax.servlet" and version "3.1.0.v201410161800"

!ENTRY org.eclipse.update.configurator 4 0 2018-01-24 12:00:03.045
!MESSAGE Could not install bundle plugins/javax.xml_1.3.4.v201005080400.jar   A bundle is already installed with the name "javax.xml" and version "1.3.4.v201005080400"

!ENTRY org.eclipse.update.configurator 4 0 2018-01-24 12:00:03.046
!MESSAGE Could not install bundle plugins/org.antlr.runtime_3.2.0.v201101311130.jar   A bundle is already installed with the name "org.antlr.runtime" and version "3.2.0.v201101311130"

!ENTRY org.eclipse.update.configurator 4 0 2018-01-24 12:00:03.050
!MESSAGE Could not install bundle plugins/org.apache.ant_1.10.1.v20170504-0840/   A bundle is already installed with the name "org.apache.ant" and version "1.10.1.v20170504-0840"

!ENTRY org.eclipse.update.configurator 4 0 2018-01-24 12:00:03.051
!MESSAGE Could not install bundle plugins/org.apache.batik.css_1.8.0.v20170214-1941.jar   A bundle is already installed with the name "org.apache.batik.css" and version "1.8.0.v20170214-1941"

!ENTRY org.eclipse.update.configurator 4 0 2018-01-24 12:00:03.052
!MESSAGE Could not install bundle plugins/org.apache.batik.util_1.8.0.v20170214-1941.jar   A bundle is already installed with the name "org.apache.batik.util" and version "1.8.0.v20170214-1941"

!ENTRY org.eclipse.update.configurator 4 0 2018-01-24 12:00:03.053
!MESSAGE Could not install bundle plugins/org.apache.commons.cli_1.2.0.v201404270220.jar   A bundle is already installed with the name "org.apache.commons.cli" and version "1.2.0.v201404270220"

!ENTRY org.eclipse.update.configurator 4 0 2018-01-24 12:00:03.055
!MESSAGE Could not install bundle plugins/org.apache.commons.jxpath_1.3.0.v200911051830.jar   A bundle is already installed with the name "org.apache.commons.jxpath" and version "1.3.0.v200911051830"

!ENTRY org.eclipse.update.configurator 4 0 2018-01-24 12:00:03.056
!MESSAGE Could not install bundle plugins/org.apache.commons.lang_2.6.0.v201404270220.jar   A bundle is already installed with the name "org.apache.commons.lang" and version "2.6.0.v201404270220"

!ENTRY org.eclipse.update.configurator 4 0 2018-01-24 12:00:03.057
!MESSAGE Could not install bundle plugins/org.apache.commons.logging_1.1.1.v201101211721.jar   A bundle is already installed with the name "org.apache.commons.logging" and version "1.1.1.v201101211721"

!ENTRY org.eclipse.update.configurator 4 0 2018-01-24 12:00:03.058
!MESSAGE Could not install bundle plugins/org.apache.felix.gogo.command_0.10.0.v201209301215.jar   A bundle is already installed with the name "org.apache.felix.gogo.command" and version "0.10.0.v201209301215"

!ENTRY org.eclipse.update.configurator 4 0 2018-01-24 12:00:03.059
!MESSAGE Could not install bundle plugins/org.apache.felix.gogo.runtime_0.10.0.v201209301036.jar   A bundle is already installed with the name "org.apache.felix.gogo.runtime" and version "0.10.0.v201209301036"

!ENTRY org.eclipse.update.configurator 4 0 2018-01-24 12:00:03.060
!MESSAGE Could not install bundle plugins/org.apache.felix.scr_2.0.10.v20170501-2007.jar   A bundle is already installed with the name "org.apache.felix.scr" and version "2.0.10.v20170501-2007"

!ENTRY org.eclipse.update.configurator 4 0 2018-01-24 12:00:03.061
!MESSAGE Could not install bundle plugins/org.apache.log4j_1.2.15.v201012070815.jar   A bundle is already installed with the name "org.apache.log4j" and version "1.2.15.v201012070815"

!ENTRY org.eclipse.update.configurator 4 0 2018-01-24 12:00:03.063
!MESSAGE Could not install bundle plugins/org.apache.lucene.analyzers-common_6.1.0.v20161115-1612.jar   A bundle is already installed with the name "org.apache.lucene.analyzers-common" and version "6.1.0.v20161115-1612"

!ENTRY org.eclipse.update.configurator 4 0 2018-01-24 12:00:03.064
!MESSAGE Could not install bundle plugins/org.apache.lucene.analyzers-smartcn_6.1.0.v20161115-1612.jar   A bundle is already installed with the name "org.apache.lucene.analyzers-smartcn" and version "6.1.0.v20161115-1612"

!ENTRY org.eclipse.update.configurator 4 0 2018-01-24 12:00:03.066
!MESSAGE Could not install bundle plugins/org.apache.lucene.core_6.1.0.v20170814-1820.jar   A bundle is already installed with the name "org.apache.lucene.core" and version "6.1.0.v20170814-1820"

!ENTRY org.eclipse.update.configurator 4 0 2018-01-24 12:00:03.068
!MESSAGE Could not install bundle plugins/org.apache.lucene.misc_6.1.0.v20161115-1612.jar   A bundle is already installed with the name "org.apache.lucene.misc" and version "6.1.0.v20161115-1612"

!ENTRY org.eclipse.update.configurator 4 0 2018-01-24 12:00:03.070
!MESSAGE Could not install bundle plugins/org.apache.xerces_2.9.0.v201101211617.jar   A bundle is already installed with the name "org.apache.xerces" and version "2.9.0.v201101211617"

!ENTRY org.eclipse.update.configurator 4 0 2018-01-24 12:00:03.072
!MESSAGE Could not install bundle plugins/org.apache.xml.resolver_1.2.0.v201005080400.jar   A bundle is already installed with the name "org.apache.xml.resolver" and version "1.2.0.v201005080400"

!ENTRY org.eclipse.update.configurator 4 0 2018-01-24 12:00:03.073
!MESSAGE Could not install bundle plugins/org.apache.xml.serializer_2.7.1.v201005080400.jar   A bundle is already installed with the name "org.apache.xml.serializer" and version "2.7.1.v201005080400"

!ENTRY org.eclipse.update.configurator 4 0 2018-01-24 12:00:03.077
!MESSAGE Could not install bundle plugins/org.eclipse.ant.core_3.5.0.v20170509-2149.jar   A bundle is already installed with the name "org.eclipse.ant.core" and version "3.5.0.v20170509-2149"

!ENTRY org.eclipse.update.configurator 4 0 2018-01-24 12:00:03.079
!MESSAGE Could not install bundle plugins/org.eclipse.ant.launching_1.2.1.v20171108-0853.jar   A bundle is already installed with the name "org.eclipse.ant.launching" and version "1.2.1.v20171108-0853"

!ENTRY org.eclipse.update.configurator 4 0 2018-01-24 12:00:03.081
!MESSAGE Could not install bundle plugins/org.eclipse.ant.ui_3.7.0.v20170412-1054.jar   A bundle is already installed with the name "org.eclipse.ant.ui" and version "3.7.0.v20170412-1054"

!ENTRY org.eclipse.update.configurator 4 0 2018-01-24 12:00:03.082
!MESSAGE Could not install bundle plugins/org.eclipse.compare.core_3.6.100.v20170516-0820.jar   A bundle is already installed with the name "org.eclipse.compare.core" and version "3.6.100.v20170516-0820"

!ENTRY org.eclipse.update.configurator 4 0 2018-01-24 12:00:03.085
!MESSAGE Could not install bundle plugins/org.eclipse.compare_3.7.101.v20170724-1603.jar   A bundle is already installed with the name "org.eclipse.compare" and version "3.7.101.v20170724-1603"

!ENTRY org.eclipse.update.configurator 4 0 2018-01-24 12:00:03.086
!MESSAGE Could not install bundle plugins/org.eclipse.core.commands_3.9.0.v20170530-1048.jar   A bundle is already installed with the name "org.eclipse.core.commands" and version "3.9.0.v20170530-1048"

!ENTRY org.eclipse.update.configurator 4 0 2018-01-24 12:00:03.087
!MESSAGE Could not install bundle plugins/org.eclipse.core.contenttype_3.6.0.v20170207-1037.jar   A bundle is already installed with the name "org.eclipse.core.contenttype" and version "3.6.0.v20170207-1037"

!ENTRY org.eclipse.update.configurator 4 0 2018-01-24 12:00:03.089
!MESSAGE Could not install bundle plugins/org.eclipse.core.databinding.observable_1.6.100.v20170515-1119.jar   A bundle is already installed with the name "org.eclipse.core.databinding.observable" and version "1.6.100.v20170515-1119"

!ENTRY org.eclipse.update.configurator 4 0 2018-01-24 12:00:03.091
!MESSAGE Could not install bundle plugins/org.eclipse.core.databinding.property_1.6.100.v20170515-1119.jar   A bundle is already installed with the name "org.eclipse.core.databinding.property" and version "1.6.100.v20170515-1119"

!ENTRY org.eclipse.update.configurator 4 0 2018-01-24 12:00:03.093
!MESSAGE Could not install bundle plugins/org.eclipse.core.databinding_1.6.100.v20170515-1119.jar   A bundle is already installed with the name "org.eclipse.core.databinding" and version "1.6.100.v20170515-1119"

!ENTRY org.eclipse.update.configurator 4 0 2018-01-24 12:00:03.094
!MESSAGE Could not install bundle plugins/org.eclipse.core.expressions_3.6.0.v20170207-1037.jar   A bundle is already installed with the name "org.eclipse.core.expressions" and version "3.6.0.v20170207-1037"

!ENTRY org.eclipse.update.configurator 4 0 2018-01-24 12:00:03.095
!MESSAGE Could not install bundle plugins/org.eclipse.core.externaltools_1.1.0.v20170113-2056.jar   A bundle is already installed with the name "org.eclipse.core.externaltools" and version "1.1.0.v20170113-2056"

!ENTRY org.eclipse.update.configurator 4 0 2018-01-24 12:00:03.097
!MESSAGE Could not install bundle plugins/org.eclipse.core.filebuffers_3.6.100.v20170203-1130.jar   A bundle is already installed with the name "org.eclipse.core.filebuffers" and version "3.6.100.v20170203-1130"

!ENTRY org.eclipse.update.configurator 4 0 2018-01-24 12:00:03.098
!MESSAGE Could not install bundle plugins/org.eclipse.core.filesystem_1.7.0.v20170406-1337.jar   A bundle is already installed with the name "org.eclipse.core.filesystem" and version "1.7.0.v20170406-1337"

!ENTRY org.eclipse.update.configurator 4 0 2018-01-24 12:00:03.100
!MESSAGE Could not install bundle plugins/org.eclipse.core.jobs_3.9.2.v20171030-1027.jar   A bundle is already installed with the name "org.eclipse.core.jobs" and version "3.9.2.v20171030-1027"

!ENTRY org.eclipse.update.configurator 4 0 2018-01-24 12:00:03.102
!MESSAGE Could not install bundle plugins/org.eclipse.core.net_1.3.100.v20170516-0820.jar   A bundle is already installed with the name "org.eclipse.core.net" and version "1.3.100.v20170516-0820"

!ENTRY org.eclipse.update.configurator 4 0 2018-01-24 12:00:03.104
!MESSAGE Could not install bundle plugins/org.eclipse.core.resources_3.12.0.v20170417-1558.jar   A bundle is already installed with the name "org.eclipse.core.resources" and version "3.12.0.v20170417-1558"

!ENTRY org.eclipse.update.configurator 4 0 2018-01-24 12:00:03.106
!MESSAGE Could not install bundle plugins/org.eclipse.core.runtime_3.13.0.v20170207-1030.jar   A bundle is already installed with the name "org.eclipse.core.runtime" and version "3.13.0.v20170207-1030"

!ENTRY org.eclipse.update.configurator 4 0 2018-01-24 12:00:03.107
!MESSAGE Could not install bundle plugins/org.eclipse.core.variables_3.4.0.v20170113-2056.jar   A bundle is already installed with the name "org.eclipse.core.variables" and version "3.4.0.v20170113-2056"

!ENTRY org.eclipse.update.configurator 4 0 2018-01-24 12:00:03.109
!MESSAGE Could not install bundle plugins/org.eclipse.debug.core_3.11.0.v20170605-1534.jar   A bundle is already installed with the name "org.eclipse.debug.core" and version "3.11.0.v20170605-1534"

!ENTRY org.eclipse.update.configurator 4 0 2018-01-24 12:00:03.113
!MESSAGE Could not install bundle plugins/org.eclipse.debug.ui_3.12.50.v20170920-1329.jar   A bundle is already installed with the name "org.eclipse.debug.ui" and version "3.12.50.v20170920-1329"

!ENTRY org.eclipse.update.configurator 4 0 2018-01-24 12:00:03.114
!MESSAGE Could not install bundle plugins/org.eclipse.e4.core.commands_0.12.100.v20170513-0428.jar   A bundle is already installed with the name "org.eclipse.e4.core.commands" and version "0.12.100.v20170513-0428"

!ENTRY org.eclipse.update.configurator 4 0 2018-01-24 12:00:03.116
!MESSAGE Could not install bundle plugins/org.eclipse.e4.core.contexts_1.6.0.v20170322-1144.jar   A bundle is already installed with the name "org.eclipse.e4.core.contexts" and version "1.6.0.v20170322-1144"

!ENTRY org.eclipse.update.configurator 4 0 2018-01-24 12:00:03.117
!MESSAGE Could not install bundle plugins/org.eclipse.e4.core.di.annotations_1.6.0.v20170119-2002.jar   A bundle is already installed with the name "org.eclipse.e4.core.di.annotations" and version "1.6.0.v20170119-2002"

!ENTRY org.eclipse.update.configurator 4 0 2018-01-24 12:00:03.119
!MESSAGE Could not install bundle plugins/org.eclipse.e4.core.di.extensions.supplier_0.15.0.v20170407-0928.jar   A bundle is already installed with the name "org.eclipse.e4.core.di.extensions.supplier" and version "0.15.0.v20170407-0928"

!ENTRY org.eclipse.update.configurator 4 0 2018-01-24 12:00:03.121
!MESSAGE Could not install bundle plugins/org.eclipse.e4.core.di.extensions_0.15.0.v20170228-1728.jar   A bundle is already installed with the name "org.eclipse.e4.core.di.extensions" and version "0.15.0.v20170228-1728"

!ENTRY org.eclipse.update.configurator 4 0 2018-01-24 12:00:03.123
!MESSAGE Could not install bundle plugins/org.eclipse.e4.core.di_1.6.100.v20170421-1418.jar   A bundle is already installed with the name "org.eclipse.e4.core.di" and version "1.6.100.v20170421-1418"

!ENTRY org.eclipse.update.configurator 4 0 2018-01-24 12:00:03.126
!MESSAGE Could not install bundle plugins/org.eclipse.e4.core.services_2.1.0.v20170407-0928.jar   A bundle is already installed with the name "org.eclipse.e4.core.services" and version "2.1.0.v20170407-0928"

!ENTRY org.eclipse.update.configurator 4 0 2018-01-24 12:00:03.127
!MESSAGE Could not install bundle plugins/org.eclipse.e4.emf.xpath_0.2.0.v20160630-0728.jar   A bundle is already installed with the name "org.eclipse.e4.emf.xpath" and version "0.2.0.v20160630-0728"

!ENTRY org.eclipse.update.configurator 4 0 2018-01-24 12:00:03.128
!MESSAGE Could not install bundle plugins/org.eclipse.e4.ui.bindings_0.12.1.v20170823-1632.jar   A bundle is already installed with the name "org.eclipse.e4.ui.bindings" and version "0.12.1.v20170823-1632"

!ENTRY org.eclipse.update.configurator 4 0 2018-01-24 12:00:03.130
!MESSAGE Could not install bundle plugins/org.eclipse.e4.ui.css.core_0.12.101.v20170712-1547.jar   A bundle is already installed with the name "org.eclipse.e4.ui.css.core" and version "0.12.101.v20170712-1547"

!ENTRY org.eclipse.update.configurator 4 0 2018-01-24 12:00:03.131
!MESSAGE Could not install bundle plugins/org.eclipse.e4.ui.css.swt.theme_0.11.0.v20170312-2302.jar   A bundle is already installed with the name "org.eclipse.e4.ui.css.swt.theme" and version "0.11.0.v20170312-2302"

!ENTRY org.eclipse.update.configurator 4 0 2018-01-24 12:00:03.136
!MESSAGE Could not install bundle plugins/org.eclipse.e4.ui.css.swt_0.13.1.v20170808-1940.jar   A bundle is already installed with the name "org.eclipse.e4.ui.css.swt" and version "0.13.1.v20170808-1940"

!ENTRY org.eclipse.update.configurator 4 0 2018-01-24 12:00:03.137
!MESSAGE Could not install bundle plugins/org.eclipse.e4.ui.di_1.2.100.v20170414-1137.jar   A bundle is already installed with the name "org.eclipse.e4.ui.di" and version "1.2.100.v20170414-1137"

!ENTRY org.eclipse.update.configurator 4 0 2018-01-24 12:00:03.139
!MESSAGE Could not install bundle plugins/org.eclipse.e4.ui.model.workbench_2.0.1.v20170713-1800.jar   A bundle is already installed with the name "org.eclipse.e4.ui.model.workbench" and version "2.0.1.v20170713-1800"

!ENTRY org.eclipse.update.configurator 4 0 2018-01-24 12:00:03.140
!MESSAGE Could not install bundle plugins/org.eclipse.e4.ui.services_1.3.0.v20170307-2032.jar   A bundle is already installed with the name "org.eclipse.e4.ui.services" and version "1.3.0.v20170307-2032"

!ENTRY org.eclipse.update.configurator 4 0 2018-01-24 12:00:03.141
!MESSAGE Could not install bundle plugins/org.eclipse.e4.ui.widgets_1.2.0.v20160630-0736.jar   A bundle is already installed with the name "org.eclipse.e4.ui.widgets" and version "1.2.0.v20160630-0736"

!ENTRY org.eclipse.update.configurator 4 0 2018-01-24 12:00:03.143
!MESSAGE Could not install bundle plugins/org.eclipse.e4.ui.workbench.addons.swt_1.3.1.v20170319-1442.jar   A bundle is already installed with the name "org.eclipse.e4.ui.workbench.addons.swt" and version "1.3.1.v20170319-1442"

!ENTRY org.eclipse.update.configurator 4 0 2018-01-24 12:00:03.148
!MESSAGE Could not install bundle plugins/org.eclipse.e4.ui.workbench.renderers.swt_0.14.101.v20170713-1343.jar   A bundle is already installed with the name "org.eclipse.e4.ui.workbench.renderers.swt" and version "0.14.101.v20170713-1343"

!ENTRY org.eclipse.update.configurator 4 0 2018-01-24 12:00:03.149
!MESSAGE Could not install bundle plugins/org.eclipse.e4.ui.workbench.swt_0.14.101.v20170710-1119.jar   A bundle is already installed with the name "org.eclipse.e4.ui.workbench.swt" and version "0.14.101.v20170710-1119"

!ENTRY org.eclipse.update.configurator 4 0 2018-01-24 12:00:03.150
!MESSAGE Could not install bundle plugins/org.eclipse.e4.ui.workbench3_0.14.0.v20160630-0740.jar   A bundle is already installed with the name "org.eclipse.e4.ui.workbench3" and version "0.14.0.v20160630-0740"

!ENTRY org.eclipse.update.configurator 4 0 2018-01-24 12:00:03.152
!MESSAGE Could not install bundle plugins/org.eclipse.e4.ui.workbench_1.5.1.v20170815-1446.jar   A bundle is already installed with the name "org.eclipse.e4.ui.workbench" and version "1.5.1.v20170815-1446"

!ENTRY org.eclipse.update.configurator 4 0 2018-01-24 12:00:03.154
!MESSAGE Could not install bundle plugins/org.eclipse.emf.codegen.ecore_2.13.0.v20170609-0928.jar   A bundle is already installed with the name "org.eclipse.emf.codegen.ecore" and version "2.13.0.v20170609-0928"

!ENTRY org.eclipse.update.configurator 4 0 2018-01-24 12:00:03.155
!MESSAGE Could not install bundle plugins/org.eclipse.emf.codegen_2.12.0.v20170609-0928.jar   A bundle is already installed with the name "org.eclipse.emf.codegen" and version "2.12.0.v20170609-0928"

!ENTRY org.eclipse.update.configurator 4 0 2018-01-24 12:00:03.157
!MESSAGE Could not install bundle plugins/org.eclipse.emf.common.ui_2.12.0.v20170609-0928.jar   A bundle is already installed with the name "org.eclipse.emf.common.ui" and version "2.12.0.v20170609-0928"

!ENTRY org.eclipse.update.configurator 4 0 2018-01-24 12:00:03.159
!MESSAGE Could not install bundle plugins/org.eclipse.emf.common_2.13.0.v20170609-0707.jar   A bundle is already installed with the name "org.eclipse.emf.common" and version "2.13.0.v20170609-0707"

!ENTRY org.eclipse.update.configurator 4 0 2018-01-24 12:00:03.160
!MESSAGE Could not install bundle plugins/org.eclipse.emf.ecore.change_2.11.0.v20170609-0707.jar   A bundle is already installed with the name "org.eclipse.emf.ecore.change" and version "2.11.0.v20170609-0707"

!ENTRY org.eclipse.update.configurator 4 0 2018-01-24 12:00:03.162
!MESSAGE Could not install bundle plugins/org.eclipse.emf.ecore.edit_2.9.0.v20170609-0928.jar   A bundle is already installed with the name "org.eclipse.emf.ecore.edit" and version "2.9.0.v20170609-0928"

!ENTRY org.eclipse.update.configurator 4 0 2018-01-24 12:00:03.163
!MESSAGE Could not install bundle plugins/org.eclipse.emf.ecore.editor_2.13.0.v20170609-0928.jar   A bundle is already installed with the name "org.eclipse.emf.ecore.editor" and version "2.13.0.v20170609-0928"

!ENTRY org.eclipse.update.configurator 4 0 2018-01-24 12:00:03.164
!MESSAGE Could not install bundle plugins/org.eclipse.emf.ecore.xmi_2.13.0.v20170609-0707.jar   A bundle is already installed with the name "org.eclipse.emf.ecore.xmi" and version "2.13.0.v20170609-0707"

!ENTRY org.eclipse.update.configurator 4 0 2018-01-24 12:00:03.166
!MESSAGE Could not install bundle plugins/org.eclipse.emf.ecore_2.13.0.v20170609-0707.jar   A bundle is already installed with the name "org.eclipse.emf.ecore" and version "2.13.0.v20170609-0707"

!ENTRY org.eclipse.update.configurator 4 0 2018-01-24 12:00:03.167
!MESSAGE Could not install bundle plugins/org.eclipse.emf.edit.ui_2.13.0.v20170609-0928.jar   A bundle is already installed with the name "org.eclipse.emf.edit.ui" and version "2.13.0.v20170609-0928"

!ENTRY org.eclipse.update.configurator 4 0 2018-01-24 12:00:03.169
!MESSAGE Could not install bundle plugins/org.eclipse.emf.edit_2.12.0.v20170609-0928.jar   A bundle is already installed with the name "org.eclipse.emf.edit" and version "2.12.0.v20170609-0928"

!ENTRY org.eclipse.update.configurator 4 0 2018-01-24 12:00:03.170
!MESSAGE Could not install bundle plugins/org.eclipse.emf.mwe.core_1.3.21.201705291011.jar   A bundle is already installed with the name "org.eclipse.emf.mwe.core" and version "1.3.21.201705291011"

!ENTRY org.eclipse.update.configurator 4 0 2018-01-24 12:00:03.172
!MESSAGE Could not install bundle plugins/org.eclipse.emf.mwe.utils_1.3.21.201705291011.jar   A bundle is already installed with the name "org.eclipse.emf.mwe.utils" and version "1.3.21.201705291011"

!ENTRY org.eclipse.update.configurator 4 0 2018-01-24 12:00:03.173
!MESSAGE Could not install bundle plugins/org.eclipse.emf.mwe2.language_2.9.1.201705291011.jar   A bundle is already installed with the name "org.eclipse.emf.mwe2.language" and version "2.9.1.201705291011"

!ENTRY org.eclipse.update.configurator 4 0 2018-01-24 12:00:03.174
!MESSAGE Could not install bundle plugins/org.eclipse.emf.mwe2.launch_2.9.1.201705291011.jar   A bundle is already installed with the name "org.eclipse.emf.mwe2.launch" and version "2.9.1.201705291011"

!ENTRY org.eclipse.update.configurator 4 0 2018-01-24 12:00:03.175
!MESSAGE Could not install bundle plugins/org.eclipse.emf.mwe2.lib_2.9.1.201705291011.jar   A bundle is already installed with the name "org.eclipse.emf.mwe2.lib" and version "2.9.1.201705291011"

!ENTRY org.eclipse.update.configurator 4 0 2018-01-24 12:00:03.176
!MESSAGE Could not install bundle plugins/org.eclipse.emf.mwe2.runtime_2.9.1.201705291011.jar   A bundle is already installed with the name "org.eclipse.emf.mwe2.runtime" and version "2.9.1.201705291011"

!ENTRY org.eclipse.update.configurator 4 0 2018-01-24 12:00:03.178
!MESSAGE Could not install bundle plugins/org.eclipse.equinox.app_1.3.400.v20150715-1528.jar   A bundle is already installed with the name "org.eclipse.equinox.app" and version "1.3.400.v20150715-1528"

!ENTRY org.eclipse.update.configurator 4 0 2018-01-24 12:00:03.179
!MESSAGE Could not install bundle plugins/org.eclipse.equinox.bidi_1.1.0.v20160728-1031.jar   A bundle is already installed with the name "org.eclipse.equinox.bidi" and version "1.1.0.v20160728-1031"

!ENTRY org.eclipse.update.configurator 4 0 2018-01-24 12:00:03.180
!MESSAGE Could not install bundle plugins/org.eclipse.equinox.common_3.9.0.v20170207-1454.jar   A bundle is already installed with the name "org.eclipse.equinox.common" and version "3.9.0.v20170207-1454"

!ENTRY org.eclipse.update.configurator 4 0 2018-01-24 12:00:03.181
!MESSAGE Could not install bundle plugins/org.eclipse.equinox.ds_1.5.0.v20170307-1429.jar   A bundle is already installed with the name "org.eclipse.equinox.ds" and version "1.5.0.v20170307-1429"

!ENTRY org.eclipse.update.configurator 4 0 2018-01-24 12:00:03.182
!MESSAGE Could not install bundle plugins/org.eclipse.equinox.event_1.4.0.v20170105-1446.jar   A bundle is already installed with the name "org.eclipse.equinox.event" and version "1.4.0.v20170105-1446"

!ENTRY org.eclipse.update.configurator 4 0 2018-01-24 12:00:03.183
!MESSAGE Could not install bundle plugins/org.eclipse.equinox.frameworkadmin.equinox_1.0.800.v20170524-1345.jar   A bundle is already installed with the name "org.eclipse.equinox.frameworkadmin.equinox" and version "1.0.800.v20170524-1345"

!ENTRY org.eclipse.update.configurator 4 0 2018-01-24 12:00:03.184
!MESSAGE Could not install bundle plugins/org.eclipse.equinox.frameworkadmin_2.0.300.v20160504-1450.jar   A bundle is already installed with the name "org.eclipse.equinox.frameworkadmin" and version "2.0.300.v20160504-1450"

!ENTRY org.eclipse.update.configurator 4 0 2018-01-24 12:00:03.186
!MESSAGE Could not install bundle plugins/org.eclipse.equinox.http.jetty_3.4.0.v20170503-2025.jar   A bundle is already installed with the name "org.eclipse.equinox.http.jetty" and version "3.4.0.v20170503-2025"

!ENTRY org.eclipse.update.configurator 4 0 2018-01-24 12:00:03.187
!MESSAGE Could not install bundle plugins/org.eclipse.equinox.http.servlet_1.4.0.v20170524-1452.jar   A bundle is already installed with the name "org.eclipse.equinox.http.servlet" and version "1.4.0.v20170524-1452"

!ENTRY org.eclipse.update.configurator 4 0 2018-01-24 12:00:03.191
!MESSAGE Could not install bundle plugins/org.eclipse.equinox.p2.artifact.repository_1.1.650.v20170928-1405.jar   A bundle is already installed with the name "org.eclipse.equinox.p2.artifact.repository" and version "1.1.650.v20170928-1405"

!ENTRY org.eclipse.update.configurator 4 0 2018-01-24 12:00:03.193
!MESSAGE Could not install bundle plugins/org.eclipse.equinox.p2.core_2.4.101.v20170906-1259.jar   A bundle is already installed with the name "org.eclipse.equinox.p2.core" and version "2.4.101.v20170906-1259"

!ENTRY org.eclipse.update.configurator 4 0 2018-01-24 12:00:03.194
!MESSAGE Could not install bundle plugins/org.eclipse.equinox.p2.director.app_1.0.500.v20160419-0834.jar   A bundle is already installed with the name "org.eclipse.equinox.p2.director.app" and version "1.0.500.v20160419-0834"

!ENTRY org.eclipse.update.configurator 4 0 2018-01-24 12:00:03.196
!MESSAGE Could not install bundle plugins/org.eclipse.equinox.p2.director_2.3.300.v20160504-1450.jar   A bundle is already installed with the name "org.eclipse.equinox.p2.director" and version "2.3.300.v20160504-1450"

!ENTRY org.eclipse.update.configurator 4 0 2018-01-24 12:00:03.198
!MESSAGE Could not install bundle plugins/org.eclipse.equinox.p2.engine_2.5.0.v20170319-2002.jar   A bundle is already installed with the name "org.eclipse.equinox.p2.engine" and version "2.5.0.v20170319-2002"

!ENTRY org.eclipse.update.configurator 4 0 2018-01-24 12:00:03.199
!MESSAGE Could not install bundle plugins/org.eclipse.equinox.p2.garbagecollector_1.0.300.v20160504-1450.jar   A bundle is already installed with the name "org.eclipse.equinox.p2.garbagecollector" and version "1.0.300.v20160504-1450"

!ENTRY org.eclipse.update.configurator 4 0 2018-01-24 12:00:03.200
!MESSAGE Could not install bundle plugins/org.eclipse.equinox.p2.jarprocessor_1.0.500.v20160504-1450.jar   A bundle is already installed with the name "org.eclipse.equinox.p2.jarprocessor" and version "1.0.500.v20160504-1450"

!ENTRY org.eclipse.update.configurator 4 0 2018-01-24 12:00:03.202
!MESSAGE Could not install bundle plugins/org.eclipse.equinox.p2.metadata.repository_1.2.401.v20170906-1259.jar   A bundle is already installed with the name "org.eclipse.equinox.p2.metadata.repository" and version "1.2.401.v20170906-1259"

!ENTRY org.eclipse.update.configurator 4 0 2018-01-24 12:00:03.203
!MESSAGE Could not install bundle plugins/org.eclipse.equinox.p2.metadata_2.3.200.v20170511-1106.jar   A bundle is already installed with the name "org.eclipse.equinox.p2.metadata" and version "2.3.200.v20170511-1106"

!ENTRY org.eclipse.update.configurator 4 0 2018-01-24 12:00:03.204
!MESSAGE Could not install bundle plugins/org.eclipse.equinox.p2.operations_2.4.300.v20170511-1106.jar   A bundle is already installed with the name "org.eclipse.equinox.p2.operations" and version "2.4.300.v20170511-1106"

!ENTRY org.eclipse.update.configurator 4 0 2018-01-24 12:00:03.206
!MESSAGE Could not install bundle plugins/org.eclipse.equinox.p2.publisher.eclipse_1.2.201.v20170906-1259.jar   A bundle is already installed with the name "org.eclipse.equinox.p2.publisher.eclipse" and version "1.2.201.v20170906-1259"

!ENTRY org.eclipse.update.configurator 4 0 2018-01-24 12:00:03.207
!MESSAGE Could not install bundle plugins/org.eclipse.equinox.p2.publisher_1.4.200.v20170511-1216.jar   A bundle is already installed with the name "org.eclipse.equinox.p2.publisher" and version "1.4.200.v20170511-1216"

!ENTRY org.eclipse.update.configurator 4 0 2018-01-24 12:00:03.209
!MESSAGE Could not install bundle plugins/org.eclipse.equinox.p2.repository.tools_2.1.400.v20170511-1216.jar   A bundle is already installed with the name "org.eclipse.equinox.p2.repository.tools" and version "2.1.400.v20170511-1216"

!ENTRY org.eclipse.update.configurator 4 0 2018-01-24 12:00:03.211
!MESSAGE Could not install bundle plugins/org.eclipse.equinox.p2.repository_2.3.301.v20170906-1259.jar   A bundle is already installed with the name "org.eclipse.equinox.p2.repository" and version "2.3.301.v20170906-1259"

!ENTRY org.eclipse.update.configurator 4 0 2018-01-24 12:00:03.212
!MESSAGE Could not install bundle plugins/org.eclipse.equinox.p2.touchpoint.eclipse_2.1.501.v20170906-1259.jar   A bundle is already installed with the name "org.eclipse.equinox.p2.touchpoint.eclipse" and version "2.1.501.v20170906-1259"

!ENTRY org.eclipse.update.configurator 4 0 2018-01-24 12:00:03.214
!MESSAGE Could not install bundle plugins/org.eclipse.equinox.p2.ui_2.5.2.v20171013-1525.jar   A bundle is already installed with the name "org.eclipse.equinox.p2.ui" and version "2.5.2.v20171013-1525"

!ENTRY org.eclipse.update.configurator 4 0 2018-01-24 12:00:03.215
!MESSAGE Could not install bundle plugins/org.eclipse.equinox.p2.updatesite_1.0.601.v20170906-1259.jar   A bundle is already installed with the name "org.eclipse.equinox.p2.updatesite" and version "1.0.601.v20170906-1259"

!ENTRY org.eclipse.update.configurator 4 0 2018-01-24 12:00:03.217
!MESSAGE Could not install bundle plugins/org.eclipse.equinox.preferences_3.7.0.v20170126-2132.jar   A bundle is already installed with the name "org.eclipse.equinox.preferences" and version "3.7.0.v20170126-2132"

!ENTRY org.eclipse.update.configurator 4 0 2018-01-24 12:00:03.218
!MESSAGE Could not install bundle plugins/org.eclipse.equinox.region_1.4.0.v20170117-1425.jar   A bundle is already installed with the name "org.eclipse.equinox.region" and version "1.4.0.v20170117-1425"

!ENTRY org.eclipse.update.configurator 4 0 2018-01-24 12:00:03.220
!MESSAGE Could not install bundle plugins/org.eclipse.equinox.registry_3.7.0.v20170222-1344.jar   A bundle is already installed with the name "org.eclipse.equinox.registry" and version "3.7.0.v20170222-1344"

!ENTRY org.eclipse.update.configurator 4 0 2018-01-24 12:00:03.221
!MESSAGE Could not install bundle plugins/org.eclipse.equinox.security.ui_1.1.400.v20170505-1235.jar   A bundle is already installed with the name "org.eclipse.equinox.security.ui" and version "1.1.400.v20170505-1235"

!ENTRY org.eclipse.update.configurator 4 0 2018-01-24 12:00:03.223
!MESSAGE Could not install bundle plugins/org.eclipse.equinox.security_1.2.300.v20170505-1235.jar   A bundle is already installed with the name "org.eclipse.equinox.security" and version "1.2.300.v20170505-1235"

!ENTRY org.eclipse.update.configurator 4 0 2018-01-24 12:00:03.225
!MESSAGE Could not install bundle plugins/org.eclipse.equinox.transforms.hook_1.2.0.v20170105-1446.jar   A bundle is already installed with the name "org.eclipse.equinox.transforms.hook" and version "1.2.0.v20170105-1446"

!ENTRY org.eclipse.update.configurator 4 0 2018-01-24 12:00:03.227
!MESSAGE Could not install bundle plugins/org.eclipse.equinox.util_1.0.500.v20130404-1337.jar   A bundle is already installed with the name "org.eclipse.equinox.util" and version "1.0.500.v20130404-1337"

!ENTRY org.eclipse.update.configurator 4 0 2018-01-24 12:00:03.228
!MESSAGE Could not install bundle plugins/org.eclipse.equinox.weaving.hook_1.2.0.v20160929-1449.jar   A bundle is already installed with the name "org.eclipse.equinox.weaving.hook" and version "1.2.0.v20160929-1449"

!ENTRY org.eclipse.update.configurator 4 0 2018-01-24 12:00:03.229
!MESSAGE Could not install bundle plugins/org.eclipse.help.base_4.2.102.v20171130-0510.jar   A bundle is already installed with the name "org.eclipse.help.base" and version "4.2.102.v20171130-0510"

!ENTRY org.eclipse.update.configurator 4 0 2018-01-24 12:00:03.231
!MESSAGE Could not install bundle plugins/org.eclipse.help.ui_4.1.0.v20170311-0931.jar   A bundle is already installed with the name "org.eclipse.help.ui" and version "4.1.0.v20170311-0931"

!ENTRY org.eclipse.update.configurator 4 0 2018-01-24 12:00:03.232
!MESSAGE Could not install bundle plugins/org.eclipse.help_3.8.1.v20170815-1448.jar   A bundle is already installed with the name "org.eclipse.help" and version "3.8.1.v20170815-1448"

!ENTRY org.eclipse.update.configurator 4 0 2018-01-24 12:00:03.234
!MESSAGE Could not install bundle plugins/org.eclipse.jdt.compiler.apt_1.3.60.v20171129-1553.jar   A bundle is already installed with the name "org.eclipse.jdt.compiler.apt" and version "1.3.60.v20171129-1553"

!ENTRY org.eclipse.update.configurator 4 0 2018-01-24 12:00:03.235
!MESSAGE Could not install bundle plugins/org.eclipse.jdt.compiler.tool_1.2.51.v20171122-1403.jar   A bundle is already installed with the name "org.eclipse.jdt.compiler.tool" and version "1.2.51.v20171122-1403"

!ENTRY org.eclipse.update.configurator 4 0 2018-01-24 12:00:03.236
!MESSAGE Could not install bundle plugins/org.eclipse.jdt.core.manipulation_1.9.50.v20170920-1015.jar   A bundle is already installed with the name "org.eclipse.jdt.core.manipulation" and version "1.9.50.v20170920-1015"

!ENTRY org.eclipse.update.configurator 4 0 2018-01-24 12:00:03.240
!MESSAGE Could not install bundle plugins/org.eclipse.jdt.core_3.13.100.v20171123-1049.jar   A bundle is already installed with the name "org.eclipse.jdt.core" and version "3.13.100.v20171123-1049"

!ENTRY org.eclipse.update.configurator 4 0 2018-01-24 12:00:03.243
!MESSAGE Could not install bundle plugins/org.eclipse.jdt.debug.ui_3.8.51.v20171031-0416.jar   A bundle is already installed with the name "org.eclipse.jdt.debug.ui" and version "3.8.51.v20171031-0416"

!ENTRY org.eclipse.update.configurator 4 0 2018-01-24 12:00:03.244
!MESSAGE Could not install bundle plugins/org.eclipse.jdt.debug_3.11.50.v20170920-1717/   A bundle is already installed with the name "org.eclipse.jdt.debug" and version "3.11.50.v20170920-1717"

!ENTRY org.eclipse.update.configurator 4 0 2018-01-24 12:00:03.245
!MESSAGE Could not install bundle plugins/org.eclipse.jdt.junit.core_3.9.51.v20171102-1136.jar   A bundle is already installed with the name "org.eclipse.jdt.junit.core" and version "3.9.51.v20171102-1136"

!ENTRY org.eclipse.update.configurator 4 0 2018-01-24 12:00:03.246
!MESSAGE Could not install bundle plugins/org.eclipse.jdt.junit.runtime_3.4.651.v20171130-0906.jar   A bundle is already installed with the name "org.eclipse.jdt.junit.runtime" and version "3.4.651.v20171130-0906"

!ENTRY org.eclipse.update.configurator 4 0 2018-01-24 12:00:03.248
!MESSAGE Could not install bundle plugins/org.eclipse.jdt.junit_3.10.51.v20171107-1248.jar   A bundle is already installed with the name "org.eclipse.jdt.junit" and version "3.10.51.v20171107-1248"

!ENTRY org.eclipse.update.configurator 4 0 2018-01-24 12:00:03.249
!MESSAGE Could not install bundle plugins/org.eclipse.jdt.launching_3.9.51.v20171114-1018.jar   A bundle is already installed with the name "org.eclipse.jdt.launching" and version "3.9.51.v20171114-1018"

!ENTRY org.eclipse.update.configurator 4 0 2018-01-24 12:00:03.259
!MESSAGE Could not install bundle plugins/org.eclipse.jdt.ui_3.13.51.v20171122-0652.jar   A bundle is already installed with the name "org.eclipse.jdt.ui" and version "3.13.51.v20171122-0652"

!ENTRY org.eclipse.update.configurator 4 0 2018-01-24 12:00:03.261
!MESSAGE Could not install bundle plugins/org.eclipse.jem.util_2.1.201.v201707201954.jar   A bundle is already installed with the name "org.eclipse.jem.util" and version "2.1.201.v201707201954"

!ENTRY org.eclipse.update.configurator 4 0 2018-01-24 12:00:03.262
!MESSAGE Could not install bundle plugins/org.eclipse.jetty.http_9.4.7.v20170914.jar   A bundle is already installed with the name "org.eclipse.jetty.http" and version "9.4.7.v20170914"

!ENTRY org.eclipse.update.configurator 4 0 2018-01-24 12:00:03.263
!MESSAGE Could not install bundle plugins/org.eclipse.jetty.io_9.4.7.v20170914.jar   A bundle is already installed with the name "org.eclipse.jetty.io" and version "9.4.7.v20170914"

!ENTRY org.eclipse.update.configurator 4 0 2018-01-24 12:00:03.264
!MESSAGE Could not install bundle plugins/org.eclipse.jetty.security_9.4.7.v20170914.jar   A bundle is already installed with the name "org.eclipse.jetty.security" and version "9.4.7.v20170914"

!ENTRY org.eclipse.update.configurator 4 0 2018-01-24 12:00:03.265
!MESSAGE Could not install bundle plugins/org.eclipse.jetty.server_9.4.7.v20170914.jar   A bundle is already installed with the name "org.eclipse.jetty.server" and version "9.4.7.v20170914"

!ENTRY org.eclipse.update.configurator 4 0 2018-01-24 12:00:03.267
!MESSAGE Could not install bundle plugins/org.eclipse.jetty.servlet_9.4.7.v20170914.jar   A bundle is already installed with the name "org.eclipse.jetty.servlet" and version "9.4.7.v20170914"

!ENTRY org.eclipse.update.configurator 4 0 2018-01-24 12:00:03.268
!MESSAGE Could not install bundle plugins/org.eclipse.jetty.util_9.4.7.v20170914.jar   A bundle is already installed with the name "org.eclipse.jetty.util" and version "9.4.7.v20170914"

!ENTRY org.eclipse.update.configurator 4 0 2018-01-24 12:00:03.269
!MESSAGE Could not install bundle plugins/org.eclipse.jface.databinding_1.8.100.v20170503-1507.jar   A bundle is already installed with the name "org.eclipse.jface.databinding" and version "1.8.100.v20170503-1507"

!ENTRY org.eclipse.update.configurator 4 0 2018-01-24 12:00:03.290
!MESSAGE Could not install bundle plugins/org.eclipse.jface.text_3.12.1.v20171114-1359.jar   A bundle is already installed with the name "org.eclipse.jface.text" and version "3.12.1.v20171114-1359"

!ENTRY org.eclipse.update.configurator 4 0 2018-01-24 12:00:03.292
!MESSAGE Could not install bundle plugins/org.eclipse.jface_3.13.2.v20171022-1656.jar   A bundle is already installed with the name "org.eclipse.jface" and version "3.13.2.v20171022-1656"

!ENTRY org.eclipse.update.configurator 4 0 2018-01-24 12:00:03.292
!MESSAGE Could not install bundle plugins/org.eclipse.lsp4j.jsonrpc_0.2.0.v20170518-0647.jar   A bundle is already installed with the name "org.eclipse.lsp4j.jsonrpc" and version "0.2.0.v20170518-0647"

!ENTRY org.eclipse.update.configurator 4 0 2018-01-24 12:00:03.293
!MESSAGE Could not install bundle plugins/org.eclipse.lsp4j_0.2.0.v20170518-0647.jar   A bundle is already installed with the name "org.eclipse.lsp4j" and version "0.2.0.v20170518-0647"

!ENTRY org.eclipse.update.configurator 4 0 2018-01-24 12:00:03.294
!MESSAGE Could not install bundle plugins/org.eclipse.ltk.core.refactoring_3.8.0.v20170105-1156.jar   A bundle is already installed with the name "org.eclipse.ltk.core.refactoring" and version "3.8.0.v20170105-1156"

!ENTRY org.eclipse.update.configurator 4 0 2018-01-24 12:00:03.296
!MESSAGE Could not install bundle plugins/org.eclipse.ltk.ui.refactoring_3.9.0.v20170412-0825.jar   A bundle is already installed with the name "org.eclipse.ltk.ui.refactoring" and version "3.9.0.v20170412-0825"

!ENTRY org.eclipse.update.configurator 4 0 2018-01-24 12:00:03.296
!MESSAGE Could not install bundle plugins/org.eclipse.m2e.archetype.common_1.8.2.20171007-0216/   A bundle is already installed with the name "org.eclipse.m2e.archetype.common" and version "1.8.2.20171007-0216"

!ENTRY org.eclipse.update.configurator 4 0 2018-01-24 12:00:03.298
!MESSAGE Could not install bundle plugins/org.eclipse.m2e.core.ui_1.8.2.20171007-0217.jar   A bundle is already installed with the name "org.eclipse.m2e.core.ui" and version "1.8.2.20171007-0217"

!ENTRY org.eclipse.update.configurator 4 0 2018-01-24 12:00:03.302
!MESSAGE Could not install bundle plugins/org.eclipse.m2e.core_1.8.2.20171007-0217.jar   A bundle is already installed with the name "org.eclipse.m2e.core" and version "1.8.2.20171007-0217"

!ENTRY org.eclipse.update.configurator 4 0 2018-01-24 12:00:03.303
!MESSAGE Could not install bundle plugins/org.eclipse.m2e.logback.appender_1.8.2.20171007-0217.jar   A bundle is already installed with the name "org.eclipse.m2e.logback.appender" and version "1.8.2.20171007-0217"

!ENTRY org.eclipse.update.configurator 4 0 2018-01-24 12:00:03.304
!MESSAGE Could not install bundle plugins/org.eclipse.m2e.maven.indexer_1.8.2.20171007-0216/   A bundle is already installed with the name "org.eclipse.m2e.maven.indexer" and version "1.8.2.20171007-0216"

!ENTRY org.eclipse.update.configurator 4 0 2018-01-24 12:00:03.305
!MESSAGE Could not install bundle plugins/org.eclipse.m2e.maven.runtime.slf4j.simple_1.8.2.20171007-0216/   A bundle is already installed with the name "org.eclipse.m2e.maven.runtime.slf4j.simple" and version "1.8.2.20171007-0216"

!ENTRY org.eclipse.update.configurator 4 0 2018-01-24 12:00:03.308
!MESSAGE Could not install bundle plugins/org.eclipse.m2e.maven.runtime_1.8.2.20171007-0216/   A bundle is already installed with the name "org.eclipse.m2e.maven.runtime" and version "1.8.2.20171007-0216"

!ENTRY org.eclipse.update.configurator 4 0 2018-01-24 12:00:03.309
!MESSAGE Could not install bundle plugins/org.eclipse.m2e.model.edit_1.8.2.20171007-0217.jar   A bundle is already installed with the name "org.eclipse.m2e.model.edit" and version "1.8.2.20171007-0217"

!ENTRY org.eclipse.update.configurator 4 0 2018-01-24 12:00:03.310
!MESSAGE Could not install bundle plugins/org.eclipse.m2e.workspace.cli_0.3.1.jar   A bundle is already installed with the name "org.eclipse.m2e.workspace.cli" and version "0.3.1"

!ENTRY org.eclipse.update.configurator 4 0 2018-01-24 12:00:03.316
!MESSAGE Could not install bundle plugins/org.eclipse.pde.build_3.9.300.v20170515-0912/   A bundle is already installed with the name "org.eclipse.pde.build" and version "3.9.300.v20170515-0912"

!ENTRY org.eclipse.update.configurator 4 0 2018-01-24 12:00:03.318
!MESSAGE Could not install bundle plugins/org.eclipse.pde.core_3.11.100.v20170517-0724.jar   A bundle is already installed with the name "org.eclipse.pde.core" and version "3.11.100.v20170517-0724"

!ENTRY org.eclipse.update.configurator 4 0 2018-01-24 12:00:03.319
!MESSAGE Could not install bundle plugins/org.eclipse.pde.ds.lib_1.1.0.v20170303-1624/   A bundle is already installed with the name "org.eclipse.pde.ds.lib" and version "1.1.0.v20170303-1624"

!ENTRY org.eclipse.update.configurator 4 0 2018-01-24 12:00:03.322
!MESSAGE Could not install bundle plugins/org.eclipse.pde.launching_3.7.51.v20171108-1813.jar   A bundle is already installed with the name "org.eclipse.pde.launching" and version "3.7.51.v20171108-1813"

!ENTRY org.eclipse.update.configurator 4 0 2018-01-24 12:00:03.327
!MESSAGE Could not install bundle plugins/org.eclipse.pde.ui_3.10.51.v20171108-1813.jar   A bundle is already installed with the name "org.eclipse.pde.ui" and version "3.10.51.v20171108-1813"

!ENTRY org.eclipse.update.configurator 4 0 2018-01-24 12:00:03.329
!MESSAGE Could not install bundle plugins/org.eclipse.search_3.11.100.v20170515-1603.jar   A bundle is already installed with the name "org.eclipse.search" and version "3.11.100.v20170515-1603"

!ENTRY org.eclipse.update.configurator 4 0 2018-01-24 12:00:03.330
!MESSAGE Could not install bundle plugins/org.eclipse.swt.cocoa.macosx.x86_64.source_3.106.2.v20171129-0543.jar   A bundle is already installed with the name "org.eclipse.swt.cocoa.macosx.x86_64.source" and version "3.106.2.v20171129-0543"

!ENTRY org.eclipse.update.configurator 4 0 2018-01-24 12:00:03.332
!MESSAGE Could not install bundle plugins/org.eclipse.swt.cocoa.macosx.x86_64_3.106.2.v20171129-0543.jar   A bundle is already installed with the name "org.eclipse.swt.cocoa.macosx.x86_64" and version "3.106.2.v20171129-0543"

!ENTRY org.eclipse.update.configurator 4 0 2018-01-24 12:00:03.333
!MESSAGE Could not install bundle plugins/org.eclipse.swt_3.106.2.v20171129-0543.jar   A bundle is already installed with the name "org.eclipse.swt" and version "3.106.2.v20171129-0543"

!ENTRY org.eclipse.update.configurator 4 0 2018-01-24 12:00:03.335
!MESSAGE Could not install bundle plugins/org.eclipse.team.core_3.8.100.v20170516-0820.jar   A bundle is already installed with the name "org.eclipse.team.core" and version "3.8.100.v20170516-0820"

!ENTRY org.eclipse.update.configurator 4 0 2018-01-24 12:00:03.337
!MESSAGE Could not install bundle plugins/org.eclipse.team.ui_3.8.1.v20170515-1133.jar   A bundle is already installed with the name "org.eclipse.team.ui" and version "3.8.1.v20170515-1133"

!ENTRY org.eclipse.update.configurator 4 0 2018-01-24 12:00:03.338
!MESSAGE Could not install bundle plugins/org.eclipse.text_3.6.100.v20170203-0814.jar   A bundle is already installed with the name "org.eclipse.text" and version "3.6.100.v20170203-0814"

!ENTRY org.eclipse.update.configurator 4 0 2018-01-24 12:00:03.340
!MESSAGE Could not install bundle plugins/org.eclipse.ui.cheatsheets_3.5.100.v20170515-0748.jar   A bundle is already installed with the name "org.eclipse.ui.cheatsheets" and version "3.5.100.v20170515-0748"

!ENTRY org.eclipse.update.configurator 4 0 2018-01-24 12:00:03.341
!MESSAGE Could not install bundle plugins/org.eclipse.ui.console_3.7.1.v20170728-0806.jar   A bundle is already installed with the name "org.eclipse.ui.console" and version "3.7.1.v20170728-0806"

!ENTRY org.eclipse.update.configurator 4 0 2018-01-24 12:00:03.344
!MESSAGE Could not install bundle plugins/org.eclipse.ui.editors_3.11.0.v20170202-1823.jar   A bundle is already installed with the name "org.eclipse.ui.editors" and version "3.11.0.v20170202-1823"

!ENTRY org.eclipse.update.configurator 4 0 2018-01-24 12:00:03.345
!MESSAGE Could not install bundle plugins/org.eclipse.ui.externaltools_3.4.0.v20161212-0515.jar   A bundle is already installed with the name "org.eclipse.ui.externaltools" and version "3.4.0.v20161212-0515"

!ENTRY org.eclipse.update.configurator 4 0 2018-01-24 12:00:03.347
!MESSAGE Could not install bundle plugins/org.eclipse.ui.forms_3.7.101.v20170815-1446.jar   A bundle is already installed with the name "org.eclipse.ui.forms" and version "3.7.101.v20170815-1446"

!ENTRY org.eclipse.update.configurator 4 0 2018-01-24 12:00:03.348
!MESSAGE Could not install bundle plugins/org.eclipse.ui.ide.application_1.2.0.v20170512-1452.jar   A bundle is already installed with the name "org.eclipse.ui.ide.application" and version "1.2.0.v20170512-1452"

!ENTRY org.eclipse.update.configurator 4 0 2018-01-24 12:00:03.350
!MESSAGE Could not install bundle plugins/org.eclipse.ui.ide_3.13.1.v20170822-1526.jar   A bundle is already installed with the name "org.eclipse.ui.ide" and version "3.13.1.v20170822-1526"

!ENTRY org.eclipse.update.configurator 4 0 2018-01-24 12:00:03.351
!MESSAGE Could not install bundle plugins/org.eclipse.ui.intro_3.5.100.v20170418-0710.jar   A bundle is already installed with the name "org.eclipse.ui.intro" and version "3.5.100.v20170418-0710"

!ENTRY org.eclipse.update.configurator 4 0 2018-01-24 12:00:03.353
!MESSAGE Could not install bundle plugins/org.eclipse.ui.navigator.resources_3.6.1.v20170823-1443.jar   A bundle is already installed with the name "org.eclipse.ui.navigator.resources" and version "3.6.1.v20170823-1443"

!ENTRY org.eclipse.update.configurator 4 0 2018-01-24 12:00:03.354
!MESSAGE Could not install bundle plugins/org.eclipse.ui.navigator_3.7.0.v20170418-1342.jar   A bundle is already installed with the name "org.eclipse.ui.navigator" and version "3.7.0.v20170418-1342"

!ENTRY org.eclipse.update.configurator 4 0 2018-01-24 12:00:03.355
!MESSAGE Could not install bundle plugins/org.eclipse.ui.trace_1.1.0.v20170201-2036.jar   A bundle is already installed with the name "org.eclipse.ui.trace" and version "1.1.0.v20170201-2036"

!ENTRY org.eclipse.update.configurator 4 0 2018-01-24 12:00:03.356
!MESSAGE Could not install bundle plugins/org.eclipse.ui.views.log_1.2.100.v20170515-1458.jar   A bundle is already installed with the name "org.eclipse.ui.views.log" and version "1.2.100.v20170515-1458"

!ENTRY org.eclipse.update.configurator 4 0 2018-01-24 12:00:03.357
!MESSAGE Could not install bundle plugins/org.eclipse.ui.views.properties.tabbed_3.8.1.v20170713-0803.jar   A bundle is already installed with the name "org.eclipse.ui.views.properties.tabbed" and version "3.8.1.v20170713-0803"

!ENTRY org.eclipse.update.configurator 4 0 2018-01-24 12:00:03.358
!MESSAGE Could not install bundle plugins/org.eclipse.ui.views_3.9.0.v20170226-1833.jar   A bundle is already installed with the name "org.eclipse.ui.views" and version "3.9.0.v20170226-1833"

!ENTRY org.eclipse.update.configurator 4 0 2018-01-24 12:00:03.360
!MESSAGE Could not install bundle plugins/org.eclipse.ui.workbench.texteditor_3.10.100.v20170426-2021.jar   A bundle is already installed with the name "org.eclipse.ui.workbench.texteditor" and version "3.10.100.v20170426-2021"

!ENTRY org.eclipse.update.configurator 4 0 2018-01-24 12:00:03.364
!MESSAGE Could not install bundle plugins/org.eclipse.ui.workbench_3.110.1.v20170704-1208.jar   A bundle is already installed with the name "org.eclipse.ui.workbench" and version "3.110.1.v20170704-1208"

!ENTRY org.eclipse.update.configurator 4 0 2018-01-24 12:00:03.366
!MESSAGE Could not install bundle plugins/org.eclipse.ui_3.109.0.v20170411-1742.jar   A bundle is already installed with the name "org.eclipse.ui" and version "3.109.0.v20170411-1742"

!ENTRY org.eclipse.update.configurator 4 0 2018-01-24 12:00:03.367
!MESSAGE Could not install bundle plugins/org.eclipse.update.configurator_3.3.400.v20160506-0750.jar   A bundle is already installed with the name "org.eclipse.update.configurator" and version "3.3.400.v20160506-0750"

!ENTRY org.eclipse.update.configurator 4 0 2018-01-24 12:00:03.368
!MESSAGE Could not install bundle plugins/org.eclipse.wst.common.core_1.2.0.v200908251833.jar   A bundle is already installed with the name "org.eclipse.wst.common.core" and version "1.2.0.v200908251833"

!ENTRY org.eclipse.update.configurator 4 0 2018-01-24 12:00:03.369
!MESSAGE Could not install bundle plugins/org.eclipse.wst.common.emf_1.2.500.v201701191735.jar   A bundle is already installed with the name "org.eclipse.wst.common.emf" and version "1.2.500.v201701191735"

!ENTRY org.eclipse.update.configurator 4 0 2018-01-24 12:00:03.370
!MESSAGE Could not install bundle plugins/org.eclipse.wst.common.emfworkbench.integration_1.2.101.v201107081800.jar   A bundle is already installed with the name "org.eclipse.wst.common.emfworkbench.integration" and version "1.2.101.v201107081800"

!ENTRY org.eclipse.update.configurator 4 0 2018-01-24 12:00:03.371
!MESSAGE Could not install bundle plugins/org.eclipse.wst.common.environment_1.0.400.v200912181831.jar   A bundle is already installed with the name "org.eclipse.wst.common.environment" and version "1.0.400.v200912181831"

!ENTRY org.eclipse.update.configurator 4 0 2018-01-24 12:00:03.372
!MESSAGE Could not install bundle plugins/org.eclipse.wst.common.frameworks_1.2.201.v201707201954.jar   A bundle is already installed with the name "org.eclipse.wst.common.frameworks" and version "1.2.201.v201707201954"

!ENTRY org.eclipse.update.configurator 4 0 2018-01-24 12:00:03.374
!MESSAGE Could not install bundle plugins/org.eclipse.wst.common.project.facet.core_1.4.300.v201111030423.jar   A bundle is already installed with the name "org.eclipse.wst.common.project.facet.core" and version "1.4.300.v201111030423"

!ENTRY org.eclipse.update.configurator 4 0 2018-01-24 12:00:03.374
!MESSAGE Could not install bundle plugins/org.eclipse.wst.common.uriresolver_1.2.300.v201702270556.jar   A bundle is already installed with the name "org.eclipse.wst.common.uriresolver" and version "1.2.300.v201702270556"

!ENTRY org.eclipse.update.configurator 4 0 2018-01-24 12:00:03.377
!MESSAGE Could not install bundle plugins/org.eclipse.wst.sse.core_1.1.1001.v201707042225.jar   A bundle is already installed with the name "org.eclipse.wst.sse.core" and version "1.1.1001.v201707042225"

!ENTRY org.eclipse.update.configurator 4 0 2018-01-24 12:00:03.378
!MESSAGE Could not install bundle plugins/org.eclipse.wst.validation_1.2.701.v201707142105.jar   A bundle is already installed with the name "org.eclipse.wst.validation" and version "1.2.701.v201707142105"

!ENTRY org.eclipse.update.configurator 4 0 2018-01-24 12:00:03.380
!MESSAGE Could not install bundle plugins/org.eclipse.wst.xml.core_1.1.1100.v201705012045.jar   A bundle is already installed with the name "org.eclipse.wst.xml.core" and version "1.1.1100.v201705012045"

!ENTRY org.eclipse.update.configurator 4 0 2018-01-24 12:00:03.381
!MESSAGE Could not install bundle plugins/org.eclipse.wst.xsd.core_1.1.900.v201401141857.jar   A bundle is already installed with the name "org.eclipse.wst.xsd.core" and version "1.1.900.v201401141857"

!ENTRY org.eclipse.update.configurator 4 0 2018-01-24 12:00:03.382
!MESSAGE Could not install bundle plugins/org.eclipse.xpand_2.2.0.v201605260315.jar   A bundle is already installed with the name "org.eclipse.xpand" and version "2.2.0.v201605260315"

!ENTRY org.eclipse.update.configurator 4 0 2018-01-24 12:00:03.383
!MESSAGE Could not install bundle plugins/org.eclipse.xsd_2.13.0.v20170609-0928.jar   A bundle is already installed with the name "org.eclipse.xsd" and version "2.13.0.v20170609-0928"

!ENTRY org.eclipse.update.configurator 4 0 2018-01-24 12:00:03.384
!MESSAGE Could not install bundle plugins/org.eclipse.xtend.lib.macro_2.12.0.v20170518-0757.jar   A bundle is already installed with the name "org.eclipse.xtend.lib.macro" and version "2.12.0.v20170518-0757"

!ENTRY org.eclipse.update.configurator 4 0 2018-01-24 12:00:03.385
!MESSAGE Could not install bundle plugins/org.eclipse.xtend.lib_2.12.0.v20170518-0757.jar   A bundle is already installed with the name "org.eclipse.xtend.lib" and version "2.12.0.v20170518-0757"

!ENTRY org.eclipse.update.configurator 4 0 2018-01-24 12:00:03.386
!MESSAGE Could not install bundle plugins/org.eclipse.xtend.typesystem.emf_2.2.0.v201605260315.jar   A bundle is already installed with the name "org.eclipse.xtend.typesystem.emf" and version "2.2.0.v201605260315"

!ENTRY org.eclipse.update.configurator 4 0 2018-01-24 12:00:03.388
!MESSAGE Could not install bundle plugins/org.eclipse.xtend_2.2.0.v201605260315.jar   A bundle is already installed with the name "org.eclipse.xtend" and version "2.2.0.v201605260315"

!ENTRY org.eclipse.update.configurator 4 0 2018-01-24 12:00:03.389
!MESSAGE Could not install bundle plugins/org.eclipse.xtext.builder.standalone_2.12.0.v20170519-0752.jar   A bundle is already installed with the name "org.eclipse.xtext.builder.standalone" and version "2.12.0.v20170519-0752"

!ENTRY org.eclipse.update.configurator 4 0 2018-01-24 12:00:03.391
!MESSAGE Could not install bundle plugins/org.eclipse.xtext.builder_2.12.0.v20170519-0809.jar   A bundle is already installed with the name "org.eclipse.xtext.builder" and version "2.12.0.v20170519-0809"

!ENTRY org.eclipse.update.configurator 4 0 2018-01-24 12:00:03.392
!MESSAGE Could not install bundle plugins/org.eclipse.xtext.common.types.edit_2.12.0.v20170519-0809.jar   A bundle is already installed with the name "org.eclipse.xtext.common.types.edit" and version "2.12.0.v20170519-0809"

!ENTRY org.eclipse.update.configurator 4 0 2018-01-24 12:00:03.394
!MESSAGE Could not install bundle plugins/org.eclipse.xtext.common.types.ui_2.12.0.v20170519-0809.jar   A bundle is already installed with the name "org.eclipse.xtext.common.types.ui" and version "2.12.0.v20170519-0809"

!ENTRY org.eclipse.update.configurator 4 0 2018-01-24 12:00:03.395
!MESSAGE Could not install bundle plugins/org.eclipse.xtext.common.types_2.12.0.v20170519-0752.jar   A bundle is already installed with the name "org.eclipse.xtext.common.types" and version "2.12.0.v20170519-0752"

!ENTRY org.eclipse.update.configurator 4 0 2018-01-24 12:00:03.396
!MESSAGE Could not install bundle plugins/org.eclipse.xtext.ecore_2.12.0.v20170519-0752.jar   A bundle is already installed with the name "org.eclipse.xtext.ecore" and version "2.12.0.v20170519-0752"

!ENTRY org.eclipse.update.configurator 4 0 2018-01-24 12:00:03.398
!MESSAGE Could not install bundle plugins/org.eclipse.xtext.generator_2.12.0.v20170519-0752.jar   A bundle is already installed with the name "org.eclipse.xtext.generator" and version "2.12.0.v20170519-0752"

!ENTRY org.eclipse.update.configurator 4 0 2018-01-24 12:00:03.400
!MESSAGE Could not install bundle plugins/org.eclipse.xtext.ide_2.12.0.v20170518-0959.jar   A bundle is already installed with the name "org.eclipse.xtext.ide" and version "2.12.0.v20170518-0959"

!ENTRY org.eclipse.update.configurator 4 0 2018-01-24 12:00:03.401
!MESSAGE Could not install bundle plugins/org.eclipse.xtext.junit4_2.12.0.v20170519-0809.jar   A bundle is already installed with the name "org.eclipse.xtext.junit4" and version "2.12.0.v20170519-0809"

!ENTRY org.eclipse.update.configurator 4 0 2018-01-24 12:00:03.402
!MESSAGE Could not install bundle plugins/org.eclipse.xtext.logging_1.2.15.v20170519-0809.jar   A bundle is already installed with the name "org.eclipse.xtext.logging" and version "1.2.15.v20170519-0809"

!ENTRY org.eclipse.update.configurator 4 0 2018-01-24 12:00:03.403
!MESSAGE Could not install bundle plugins/org.eclipse.xtext.smap_2.12.0.v20170519-0752.jar   A bundle is already installed with the name "org.eclipse.xtext.smap" and version "2.12.0.v20170519-0752"

!ENTRY org.eclipse.update.configurator 4 0 2018-01-24 12:00:03.405
!MESSAGE Could not install bundle plugins/org.eclipse.xtext.testing_2.12.0.v20170518-0959.jar   A bundle is already installed with the name "org.eclipse.xtext.testing" and version "2.12.0.v20170518-0959"

!ENTRY org.eclipse.update.configurator 4 0 2018-01-24 12:00:03.406
!MESSAGE Could not install bundle plugins/org.eclipse.xtext.ui.codetemplates.ui_2.12.0.v20170519-0809.jar   A bundle is already installed with the name "org.eclipse.xtext.ui.codetemplates.ui" and version "2.12.0.v20170519-0809"

!ENTRY org.eclipse.update.configurator 4 0 2018-01-24 12:00:03.408
!MESSAGE Could not install bundle plugins/org.eclipse.xtext.ui.codetemplates_2.12.0.v20170519-0809.jar   A bundle is already installed with the name "org.eclipse.xtext.ui.codetemplates" and version "2.12.0.v20170519-0809"

!ENTRY org.eclipse.update.configurator 4 0 2018-01-24 12:00:03.409
!MESSAGE Could not install bundle plugins/org.eclipse.xtext.ui.shared_2.12.0.v20170519-0809.jar   A bundle is already installed with the name "org.eclipse.xtext.ui.shared" and version "2.12.0.v20170519-0809"

!ENTRY org.eclipse.update.configurator 4 0 2018-01-24 12:00:03.410
!MESSAGE Could not install bundle plugins/org.eclipse.xtext.ui.testing_2.12.0.v20170519-0809.jar   A bundle is already installed with the name "org.eclipse.xtext.ui.testing" and version "2.12.0.v20170519-0809"

!ENTRY org.eclipse.update.configurator 4 0 2018-01-24 12:00:03.413
!MESSAGE Could not install bundle plugins/org.eclipse.xtext.ui_2.12.0.v20170519-0809.jar   A bundle is already installed with the name "org.eclipse.xtext.ui" and version "2.12.0.v20170519-0809"

!ENTRY org.eclipse.update.configurator 4 0 2018-01-24 12:00:03.415
!MESSAGE Could not install bundle plugins/org.eclipse.xtext.util_2.12.0.v20170518-0959.jar   A bundle is already installed with the name "org.eclipse.xtext.util" and version "2.12.0.v20170518-0959"

!ENTRY org.eclipse.update.configurator 4 0 2018-01-24 12:00:03.416
!MESSAGE Could not install bundle plugins/org.eclipse.xtext.xbase.ide_2.12.0.v20170519-0752.jar   A bundle is already installed with the name "org.eclipse.xtext.xbase.ide" and version "2.12.0.v20170519-0752"

!ENTRY org.eclipse.update.configurator 4 0 2018-01-24 12:00:03.417
!MESSAGE Could not install bundle plugins/org.eclipse.xtext.xbase.junit_2.12.0.v20170519-0809.jar   A bundle is already installed with the name "org.eclipse.xtext.xbase.junit" and version "2.12.0.v20170519-0809"

!ENTRY org.eclipse.update.configurator 4 0 2018-01-24 12:00:03.418
!MESSAGE Could not install bundle plugins/org.eclipse.xtext.xbase.lib_2.12.0.v20170518-0757.jar   A bundle is already installed with the name "org.eclipse.xtext.xbase.lib" and version "2.12.0.v20170518-0757"

!ENTRY org.eclipse.update.configurator 4 0 2018-01-24 12:00:03.419
!MESSAGE Could not install bundle plugins/org.eclipse.xtext.xbase.testing_2.12.0.v20170519-0752.jar   A bundle is already installed with the name "org.eclipse.xtext.xbase.testing" and version "2.12.0.v20170519-0752"

!ENTRY org.eclipse.update.configurator 4 0 2018-01-24 12:00:03.421
!MESSAGE Could not install bundle plugins/org.eclipse.xtext.xbase.ui_2.12.0.v20170519-0809.jar   A bundle is already installed with the name "org.eclipse.xtext.xbase.ui" and version "2.12.0.v20170519-0809"

!ENTRY org.eclipse.update.configurator 4 0 2018-01-24 12:00:03.423
!MESSAGE Could not install bundle plugins/org.eclipse.xtext.xbase_2.12.0.v20170519-0752.jar   A bundle is already installed with the name "org.eclipse.xtext.xbase" and version "2.12.0.v20170519-0752"

!ENTRY org.eclipse.update.configurator 4 0 2018-01-24 12:00:03.425
!MESSAGE Could not install bundle plugins/org.eclipse.xtext.xtext.generator_2.12.0.v20170518-0959.jar   A bundle is already installed with the name "org.eclipse.xtext.xtext.generator" and version "2.12.0.v20170518-0959"

!ENTRY org.eclipse.update.configurator 4 0 2018-01-24 12:00:03.429
!MESSAGE Could not install bundle plugins/org.eclipse.xtext_2.12.0.v20170518-0959.jar   A bundle is already installed with the name "org.eclipse.xtext" and version "2.12.0.v20170518-0959"

!ENTRY org.eclipse.update.configurator 4 0 2018-01-24 12:00:03.430
!MESSAGE Could not install bundle plugins/org.hamcrest.core_1.3.0.v201303031735.jar   A bundle is already installed with the name "org.hamcrest.core" and version "1.3.0.v201303031735"

!ENTRY org.eclipse.update.configurator 4 0 2018-01-24 12:00:03.431
!MESSAGE Could not install bundle plugins/org.junit_4.12.0.v201504281640/   A bundle is already installed with the name "org.junit" and version "4.12.0.v201504281640"

!ENTRY org.eclipse.update.configurator 4 0 2018-01-24 12:00:03.432
!MESSAGE Could not install bundle plugins/org.objectweb.asm_5.0.1.v201404251740.jar   A bundle is already installed with the name "org.objectweb.asm" and version "5.0.1.v201404251740"

!ENTRY org.eclipse.update.configurator 4 0 2018-01-24 12:00:03.433
!MESSAGE Could not install bundle plugins/org.sat4j.core_2.3.5.v201308161310.jar   A bundle is already installed with the name "org.sat4j.core" and version "2.3.5.v201308161310"

!ENTRY org.eclipse.update.configurator 4 0 2018-01-24 12:00:03.434
!MESSAGE Could not install bundle plugins/org.sat4j.pb_2.3.5.v201404071733.jar   A bundle is already installed with the name "org.sat4j.pb" and version "2.3.5.v201404071733"

!ENTRY org.eclipse.update.configurator 4 0 2018-01-24 12:00:03.435
!MESSAGE Could not install bundle plugins/org.slf4j.api_1.7.2.v20121108-1250.jar   A bundle is already installed with the name "org.slf4j.api" and version "1.7.2.v20121108-1250"

!ENTRY org.eclipse.update.configurator 4 0 2018-01-24 12:00:03.436
!MESSAGE Could not install bundle plugins/org.slf4j.impl.log4j12_1.7.2.v20131105-2200.jar   A bundle is already installed with the name "org.slf4j.impl.log4j12" and version "1.7.2.v20131105-2200"

!ENTRY org.eclipse.update.configurator 4 0 2018-01-24 12:00:03.437
!MESSAGE Could not install bundle plugins/org.tukaani.xz_1.5.0.v20170111-1717.jar   A bundle is already installed with the name "org.tukaani.xz" and version "1.5.0.v20170111-1717"

!ENTRY org.eclipse.update.configurator 4 0 2018-01-24 12:00:03.438
!MESSAGE Could not install bundle plugins/org.w3c.css.sac_1.3.1.v200903091627.jar   A bundle is already installed with the name "org.w3c.css.sac" and version "1.3.1.v200903091627"

!ENTRY org.eclipse.update.configurator 4 0 2018-01-24 12:00:03.439
!MESSAGE Could not install bundle plugins/org.w3c.dom.events_3.0.0.draft20060413_v201105210656.jar   A bundle is already installed with the name "org.w3c.dom.events" and version "3.0.0.draft20060413_v201105210656"

!ENTRY org.eclipse.update.configurator 4 0 2018-01-24 12:00:03.440
!MESSAGE Could not install bundle plugins/org.w3c.dom.smil_1.0.1.v200903091627.jar   A bundle is already installed with the name "org.w3c.dom.smil" and version "1.0.1.v200903091627"

!ENTRY org.eclipse.update.configurator 4 0 2018-01-24 12:00:03.442
!MESSAGE Could not install bundle plugins/org.w3c.dom.svg_1.1.0.v201011041433.jar   A bundle is already installed with the name "org.w3c.dom.svg" and version "1.1.0.v201011041433"

!ENTRY org.eclipse.m2e.core 4 0 2018-01-24 12:00:03.567
!MESSAGE FrameworkEvent ERROR
!STACK 0
org.osgi.framework.BundleException: Could not resolve module: org.eclipse.m2e.core [162]
  Unresolved requirement: Require-Bundle: com.google.guava; bundle-version="[21.0.0,22.0.0)"

	at org.eclipse.osgi.container.Module.start(Module.java:444)
	at org.eclipse.osgi.container.ModuleContainer$ContainerStartLevel.incStartLevel(ModuleContainer.java:1634)
	at org.eclipse.osgi.container.ModuleContainer$ContainerStartLevel.incStartLevel(ModuleContainer.java:1613)
	at org.eclipse.osgi.container.ModuleContainer$ContainerStartLevel.doContainerStartLevel(ModuleContainer.java:1585)
	at org.eclipse.osgi.container.ModuleContainer$ContainerStartLevel.dispatchEvent(ModuleContainer.java:1528)
	at org.eclipse.osgi.container.ModuleContainer$ContainerStartLevel.dispatchEvent(ModuleContainer.java:1)
	at org.eclipse.osgi.framework.eventmgr.EventManager.dispatchEvent(EventManager.java:230)
	at org.eclipse.osgi.framework.eventmgr.EventManager$EventThread.run(EventManager.java:340)

!ENTRY org.eclipse.m2e.core.ui 4 0 2018-01-24 12:00:03.570
!MESSAGE FrameworkEvent ERROR
!STACK 0
org.osgi.framework.BundleException: Could not resolve module: org.eclipse.m2e.core.ui [163]
  Unresolved requirement: Require-Bundle: org.eclipse.m2e.core; bundle-version="[1.8.1,1.9.0)"
    -> Bundle-SymbolicName: org.eclipse.m2e.core; bundle-version="1.8.2.20171007-0217"; singleton:="true"
       org.eclipse.m2e.core [162]
         Unresolved requirement: Require-Bundle: com.google.guava; bundle-version="[21.0.0,22.0.0)"

	at org.eclipse.osgi.container.Module.start(Module.java:444)
	at org.eclipse.osgi.container.ModuleContainer$ContainerStartLevel.incStartLevel(ModuleContainer.java:1634)
	at org.eclipse.osgi.container.ModuleContainer$ContainerStartLevel.incStartLevel(ModuleContainer.java:1613)
	at org.eclipse.osgi.container.ModuleContainer$ContainerStartLevel.doContainerStartLevel(ModuleContainer.java:1585)
	at org.eclipse.osgi.container.ModuleContainer$ContainerStartLevel.dispatchEvent(ModuleContainer.java:1528)
	at org.eclipse.osgi.container.ModuleContainer$ContainerStartLevel.dispatchEvent(ModuleContainer.java:1)
	at org.eclipse.osgi.framework.eventmgr.EventManager.dispatchEvent(EventManager.java:230)
	at org.eclipse.osgi.framework.eventmgr.EventManager$EventThread.run(EventManager.java:340)
